32'D1
32'D1
32'D4
12'H7c0
12'H301
12'Hf14
12'Hc81
12'Hc00
12'Hc01
12'H304
12'H344
12'H300
12'H343
12'H342
12'H305
12'H341
12'H340
12'H340
12'H7c0
12'H7c0
12'H104
12'H304
12'H144
12'H344
12'H305
12'H100
12'H300
12'H343
12'H342
12'H341
12'H344
12'H144
12'H344
12'H144
12'H344
12'H144
2'H1
2'H2
2'H3
2'H1
2'H3
32'D4294967295
6'H20
2'H3
2'H3
6'H34
6'H12
6'H14
6'H15
6'H16
6'H17
6'H1d
6'H1f
6'H10
6'H11
6'H1c
6'H30
6'H30
6'H33
6'H33
32'D1
1'H0
1'H0
2'H0
2'H0
13'H0
9'H0
2'H0
2'H0
1'H0
1'H0
1'H0
22'H0
3'H0
3'H0
1'H0
1'H0
1'H0
1'H0
22'H0
3'H0
3'H0
1'H0
2'H3
32'D0
32'D0
32'D0
32'D0
2'H3
2'B?1
2'B1?
2'B?1
2'B1?
20'H0
1'H0
1'H0
1'H0
1'H0
1'H0
1'H0
2'B?1
2'B1?
20'H0
1'H0
1'H0
1'H0
1'H0
1'H0
1'H0
13'B????????????1
13'B???????????1?
13'B??????????1??
13'B?????????1???
13'B????????1????
13'B???????1?????
13'B??????1??????
13'B?????1???????
13'B????1????????
13'B???1?????????
13'B??1??????????
13'B?1???????????
13'B1????????????
32'D0
20'H0
1'H0
1'H0
1'H0
1'H0
1'H0
21'H0
1'H0
1'H0
1'H0
1'H0
1'H0
1'H0
27'H0
2'B?1
2'B1?
32'D0
1'H0
1'H1
1'H0
2'H3
1'H1
1'Hx
1'Hx
32'Hxxxxxxxx
1'Hx
1'H1
32'D0
1'H0
32'D0
32'D0
32'D0
32'D0
32'D0
32'D0
32'D0
32'D0
32'D0
32'D0
32'D0
1'Hx
1'Hx
1'H0
1'H1
1'H1
1'H1
1'H1
32'Hxxxxxxxx
32'Hxxxxxxxx
32'Hxxxxxxxx
1'H1
1'Hx
1'Hx
1'Hx
32'Hxxxxxxxx
32'Hxxxxxxxx
32'Hxxxxxxxx
32'Hxxxxxxxx
32'Hxxxxxxxx
32'Hxxxxxxxx
32'Hxxxxxxxx
32'Hxxxxxxxx
32'Hxxxxxxxx
32'Hxxxxxxxx
32'Hxxxxxxxx
32'Hxxxxxxxx
32'Hxxxxxxxx
32'Hxxxxxxxx
32'Hxxxxxxxx
32'Hxxxxxxxx
32'Hxxxxxxxx
32'Hxxxxxxxx
27'H0
32'Hxxxxxxxx
32'Hxxxxxxxx
32'Hxxxxxxxx
32'Hxxxxxxxx
32'Hxxxxxxxx
32'Hxxxxxxxx
19'Hxxxxx
19'Hxxxxx
3'Hx
3'Hx
3'Hx
3'Hx
3'Hx
3'Hx
28'H0
32'Hxxxxxxxx
32'Hxxxxxxxx
32'Hxxxxxxxx
32'Hxxxxxxxx
32'Hxxxxxxxx
32'Hxxxxxxxx
1'H0
1'Hx
1'Hx
2'Hx
2'Hx
1'Hx
1'Hx
1'Hx
1'Hx
32'Hxxxxxxxx
32'Hxxxxxxxx
32'D0
32'Hxxxxxxxx
32'Hxxxxxxxx
32'D0
32'D0
32'Hxxxxxxxx
32'Hxxxxxxxx
32'Hxxxxxxxx
32'Hxxxxxxxx
32'Hxxxxxxxx
32'Hxxxxxxxx
32'Hxxxxxxxx
32'Hxxxxxxxx
32'Hxxxxxxxx
32'Hxxxxxxxx
23'Hxxxxxx
23'Hxxxxxx
2'Hx
2'Hx
3'Hx
32'Hxxxxxxxx
3'Hx
1'Hx
1'Hx
32'Hxxxxxxxx
1'Hx
1'Hx
1'H1
1'H0
1'Hx
1'Hx
1'Hx
1'Hx
1'Hx
1'Hx
1'Hx
32'Hxxxxxxxx
32'Hxxxxxxxx
32'Hxxxxxxxx
32'Hxxxxxxxx
1'Hx
32'Hxxxxxxxx
32'Hxxxxxxxx
32'Hxxxxxxxx
32'Hxxxxxxxx
32'Hxxxxxxxx
32'Hxxxxxxxx
1'Hx
32'Hxxxxxxxx
32'Hxxxxxxxx
32'Hxxxxxxxx
32'Hxxxxxxxx
32'Hxxxxxxxx
32'Hxxxxxxxx
19'Hxxxxx
2'Hx
1'Hx
1'Hx
1'Hx
1'Hx
1'H1
1'Hx
1'Hx
1'Hx
1'Hx
32'Hxxxxxxxx
1'H0
1'Hx
1'Hx
1'H1
1'Hx
1'Hx
1'Hx
32'Hxxxxxxxx
1'Hx
2'Hx
2'Hx
1'Hx
1'H1
1'Hx
1'Hx
1'Hx
1'Hx
32'Hxxxxxxxx
32'Hxxxxxxxx
32'Hxxxxxxxx
32'Hxxxxxxxx
1'Hx
32'Hxxxxxxxx
2'H0
2'Hx
2'Hx
32'Hxxxxxxxx
32'Hxxxxxxxx
32'Hxxxxxxxx
32'Hxxxxxxxx
32'D2147483659
32'Hxxxxxxxx
32'Hxxxxxxxx
32'Hxxxxxxxx
32'Hxxxxxxxx
32'D2147483655
32'Hxxxxxxxx
32'Hxxxxxxxx
32'Hxxxxxxxx
32'Hxxxxxxxx
32'D2147483651
32'Hxxxxxxxx
32'Hxxxxxxxx
32'Hxxxxxxxx
32'D0
32'Hxxxxxxxx
32'Hxxxxxxxx
1'H0
1'Hx
2'Hx
1'Hx
1'Hx
1'Hx
1'Hx
1'H0
1'Hx
1'Hx
32'Hxxxxxxxx
32'Hxxxxxxxx
64'Hxxxxxxxxxxxxxxxx
2'Hx
416'Hxxxxxxxxxxxxxxxxxxxxxxxxxxxxxxxxxxxxxxxxxxxxxxxxxxxxxxxxxxxxxxxxxxxxxxxxxxxxxxxxxxxxxxxxxxxxxxxxxxxxxxxx
13'Hxxxx
32'Hxxxxxxxx
64'Hxxxxxxxxxxxxxxxx
2'Hx
32'Hxxxxxxxx
64'Hxxxxxxxxxxxxxxxx
2'Hx
32'Hxxxxxxxx
64'Hxxxxxxxxxxxxxxxx
2'Hx
1'H0
csr_mip_q,csr_mie_q,BitAnd_1
exception_i,csr_mtimecmp_q,Eq_39
exception_i,_108_,And_1
exception_i,_107_,And_2
exception_i,_111_,And_3
exception_i,_112_,And_4
exception_i,_125_,And_5
exception_i,csr_mideleg_q[11],And_7
exception_i,csr_mideleg_q[7],And_9
exception_i,csr_mideleg_q[7],And_10
exception_i,csr_mideleg_q[7],And_11
exception_i,csr_mideleg_q[7],Or_1
exception_i,csr_mideleg_q[7],Or_2
exception_i,csr_mideleg_q[7],Or_3
exception_i,csr_mideleg_q[7],BitOr_1
exception_i,csr_mideleg_q[7],BitOr_2
remove Function_457__457_
remove Function_458__458_
remove Function_459__459_
remove Function_460__460_
remove Function_461__461_
Cond_1
Cond_2
Cond_3
Cond_4
Cond_5
Cond_7
Cond_8
Cond_9
Cond_10
Cond_11
Cond_12
Cond_13
Cond_14
Cond_15
Cond_16
Cond_17
Cond_18
Cond_19
Cond_20
Cond_21
Cond_22
Cond_23
Cond_24
Cond_25
Cond_26
Cond_27
Cond_28
Cond_30
Cond_32
Cond_33
Cond_34
Cond_39
Cond_40
Cond_41
Cond_42
Cond_43
Cond_44
Cond_45
Cond_46
Cond_47
Cond_48
Cond_49
Cond_50
Cond_51
Cond_52
Cond_53
Cond_54
Cond_55
Cond_56
Cond_57
Cond_58
Cond_59
Cond_60
Cond_61
Cond_62
Cond_63
Cond_64
Cond_65
Cond_66
Cond_67
Cond_68
Cond_69
Cond_70
Cond_71
Cond_72
Cond_73
Cond_74
Cond_75
Cond_77
Cond_78
Cond_80
Cond_81
Cond_83
Cond_84
Cond_86
Cond_87
Cond_88
Cond_89
Cond_90
Cond_91
Cond_92
Cond_93
Cond_94
Cond_95
Cond_96
Cond_98
Cond_99
Cond_101
Cond_102
Cond_104
Cond_105
Cond_106
Cond_107
Cond_108
Cond_109
Cond_110
Cond_111
Cond_113
Cond_114
Cond_115
Cond_116
Cond_119
Cond_120
Cond_121
Cond_122
Cond_123
Cond_124
Cond_125
Cond_126
Cond_127
Cond_128
Cond_130
Cond_131
Cond_133
Cond_135
Cond_137
Cond_138
Cond_140
Cond_141
Cond_143
Cond_146
Cond_148
Cond_149
Cond_150
Cond_151
Cond_152
Cond_153
Cond_154
Cond_155
Cond_156
Cond_157
Cond_158
Cond_159
Cond_160
Cond_161
Cond_162
Cond_163
Cond_164
Cond_165
Cond_166
Cond_167
Cond_168
Cond_169
Cond_170
Cond_172
Cond_174
Cond_176
Cond_178
Cond_180
Cond_182
Cond_185
Cond_188
Cond_189
Cond_192
Cond_195
Cond_198
Cond_199
Cond_201
Cond_203
Cond_205
Cond_207
Cond_208
Cond_210
Cond_211
Cond_212
Cond_213
Cond_214
Cond_215
Cond_216
Cond_217
Cond_218
Cond_219
Cond_220
Cond_221
Cond_222
Cond_223
Cond_224
Cond_227
Cond_228
Cond_229
Cond_230
Cond_231
Cond_232
Cond_233
Cond_240
Cond_241
Cond_242
Cond_243
Cond_246
Cond_247
Cond_248
Cond_251
Cond_254
Cond_256
Cond_258
Cond_266
Cond_267
Cond_272
Cond_279
Cond_280
Cond_281
Cond_282
Cond_283
Cond_284
Cond_286
Cond_287
Cond_288
Cond_289
Cond_290
----- Writting Graph Visialization File -----
Finish!

{"Const,32,Constant_32'D1": "32'D1", "Const,32,Constant_32'D4": "32'D4", "Const,12,Constant_12'H7c0": "12'H7c0", "Const,12,Constant_12'H301": "12'H301", "Const,12,Constant_12'Hf14": "12'Hf14", "Const,12,Constant_12'Hc81": "12'Hc81", "Const,12,Constant_12'Hc00": "12'Hc00", "Const,12,Constant_12'Hc01": "12'Hc01", "Const,12,Constant_12'H304": "12'H304", "Const,12,Constant_12'H344": "12'H344", "Const,12,Constant_12'H300": "12'H300", "Const,12,Constant_12'H343": "12'H343", "Const,12,Constant_12'H342": "12'H342", "Const,12,Constant_12'H305": "12'H305", "Const,12,Constant_12'H341": "12'H341", "Const,12,Constant_12'H340": "12'H340", "Const,12,Constant_12'H104": "12'H104", "Const,12,Constant_12'H144": "12'H144", "Const,12,Constant_12'H100": "12'H100", "Const,2,Constant_2'H1": "2'H1", "Const,2,Constant_2'H2": "2'H2", "Const,2,Constant_2'H3": "2'H3", "Const,32,Constant_32'D4294967295": "32'D4294967295", "Const,6,Constant_6'H20": "6'H20", "Const,6,Constant_6'H34": "6'H34", "Const,6,Constant_6'H12": "6'H12", "Const,6,Constant_6'H14": "6'H14", "Const,6,Constant_6'H15": "6'H15", "Const,6,Constant_6'H16": "6'H16", "Const,6,Constant_6'H17": "6'H17", "Const,6,Constant_6'H1d": "6'H1d", "Const,6,Constant_6'H1f": "6'H1f", "Const,6,Constant_6'H10": "6'H10", "Const,6,Constant_6'H11": "6'H11", "Const,6,Constant_6'H1c": "6'H1c", "Const,6,Constant_6'H30": "6'H30", "Const,6,Constant_6'H33": "6'H33", "Const,1,Constant_1'H0": "1'H0", "Const,2,Constant_2'H0": "2'H0", "Const,13,Constant_13'H0": "13'H0", "Const,9,Constant_9'H0": "9'H0", "Const,22,Constant_22'H0": "22'H0", "Const,3,Constant_3'H0": "3'H0", "Const,32,Constant_32'D0": "32'D0", "Const,2,Constant_2'B?1": "2'B?1", "Const,2,Constant_2'B1?": "2'B1?", "Const,20,Constant_20'H0": "20'H0", "Const,13,Constant_13'B????????????1": "13'B????????????1", "Const,13,Constant_13'B???????????1?": "13'B???????????1?", "Const,13,Constant_13'B??????????1??": "13'B??????????1??", "Const,13,Constant_13'B?????????1???": "13'B?????????1???", "Const,13,Constant_13'B????????1????": "13'B????????1????", "Const,13,Constant_13'B???????1?????": "13'B???????1?????", "Const,13,Constant_13'B??????1??????": "13'B??????1??????", "Const,13,Constant_13'B?????1???????": "13'B?????1???????", "Const,13,Constant_13'B????1????????": "13'B????1????????", "Const,13,Constant_13'B???1?????????": "13'B???1?????????", "Const,13,Constant_13'B??1??????????": "13'B??1??????????", "Const,13,Constant_13'B?1???????????": "13'B?1???????????", "Const,13,Constant_13'B1????????????": "13'B1????????????", "Const,21,Constant_21'H0": "21'H0", "Const,27,Constant_27'H0": "27'H0", "Const,1,Constant_1'H1": "1'H1", "Const,1,Constant_1'Hx": "1'Hx", "Const,32,Constant_32'Hxxxxxxxx": "32'Hxxxxxxxx", "Const,19,Constant_19'Hxxxxx": "19'Hxxxxx", "Const,3,Constant_3'Hx": "3'Hx", "Const,28,Constant_28'H0": "28'H0", "Const,2,Constant_2'Hx": "2'Hx", "Const,23,Constant_23'Hxxxxxx": "23'Hxxxxxx", "Const,32,Constant_32'D2147483659": "32'D2147483659", "Const,32,Constant_32'D2147483655": "32'D2147483655", "Const,32,Constant_32'D2147483651": "32'D2147483651", "Const,64,Constant_64'Hxxxxxxxxxxxxxxxx": "64'Hxxxxxxxxxxxxxxxx", "Const,416,Constant_416'Hxxxxxxxxxxxxxxxxxxxxxxxxxxxxxxxxxxxxxxxxxxxxxxxxxxxxxxxxxxxxxxxxxxxxxxxxxxxxxxxxxxxxxxxxxxxxxxxxxxxxxxxx": "416'Hxxxxxxxxxxxxxxxxxxxxxxxxxxxxxxxxxxxxxxxxxxxxxxxxxxxxxxxxxxxxxxxxxxxxxxxxxxxxxxxxxxxxxxxxxxxxxxxxxxxxxxxx", "Const,13,Constant_13'Hxxxx": "13'Hxxxx", 'clk_i': 'clk_i', 'cpu_id_i': 'cpu_id_i', 'csr_raddr_i': 'csr_raddr_i', 'csr_ren_i': 'csr_ren_i', 'csr_waddr_i': 'csr_waddr_i', 'csr_wdata_i': 'csr_wdata_i', 'exception_addr_i': 'exception_addr_i', 'exception_i': 'exception_i', 'exception_pc_i': 'exception_pc_i', 'ext_intr_i': 'ext_intr_i', 'misa_i': 'misa_i', 'rst_i': 'rst_i', 'timer_intr_i': 'timer_intr_i', '_006_': "(csr_mcycle_q)+(32'D1)", '_105_': "(csr_mcycle_h_q)+(32'D1)", '_106_': "(exception_pc_i)+(32'D4)", '_029_': '(csr_mip_q)&(csr_mie_q)', '_238_': "(csr_raddr_i)==(12'H7c0)", '_239_': "(csr_raddr_i)==(12'H301)", '_240_': "(csr_raddr_i)==(12'Hf14)", '_241_': "(csr_raddr_i)==(12'Hc81)", 'PartAssign_1': "(csr_raddr_i)==(12'Hc00)", 'PartAssign_2': "(csr_raddr_i)==(12'Hc01)", '_244_': "(csr_raddr_i)==(12'H304)", '_245_': "(csr_raddr_i)==(12'H344)", '_246_': "(csr_raddr_i)==(12'H300)", '_247_': "(csr_raddr_i)==(12'H343)", '_248_': "(csr_raddr_i)==(12'H342)", '_249_': "(csr_raddr_i)==(12'H305)", '_250_': "(csr_raddr_i)==(12'H341)", '_251_': "(csr_raddr_i)==(12'H340)", '_263_': "(csr_waddr_i)==(12'H340)", '_267_': "(csr_waddr_i)==(12'H7c0)", '_271_': "(csr_waddr_i)==(12'H7c0)", '_275_': "(csr_waddr_i)==(12'H104)", '_276_': "(csr_waddr_i)==(12'H304)", '_280_': "(csr_waddr_i)==(12'H144)", '_281_': "(csr_waddr_i)==(12'H344)", '_285_': "(csr_waddr_i)==(12'H305)", '_289_': "(csr_waddr_i)==(12'H100)", '_290_': "(csr_waddr_i)==(12'H300)", '_294_': "(csr_waddr_i)==(12'H343)", '_298_': "(csr_waddr_i)==(12'H342)", '_302_': "(csr_waddr_i)==(12'H341)", '_107_': "(csr_raddr_i)==(12'H344)", '_108_': "(csr_raddr_i)==(12'H144)", '_109_': "(csr_waddr_i)==(12'H344)", '_110_': "(csr_waddr_i)==(12'H144)", '_111_': "(csr_raddr_i)==(12'H344)", '_112_': "(csr_raddr_i)==(12'H144)", 'is_exception_w': "(exception_i)==(2'H1)", '_113_': "(exception_i)==(2'H2)", '_114_': "(exception_i)==(2'H3)", '_115_': "(exception_i)==(2'H1)", '_116_': "(exception_i)==(2'H3)", '_117_': '(exception_i)==(csr_mtimecmp_q)', '_118_': "(exception_i)==(32'D4294967295)", '_119_': "(exception_i)==(6'H20)", '_120_': "(exception_i)==(2'H3)", '_121_': "(exception_i)==(2'H3)", '_122_': "(exception_i)==(6'H34)", 'PartAssign_3': "(exception_i)==(6'H12)", 'PartAssign_4': "(exception_i)==(6'H14)", 'PartAssign_5': "(exception_i)==(6'H15)", 'PartAssign_6': "(exception_i)==(6'H16)", 'PartAssign_7': "(exception_i)==(6'H17)", 'PartAssign_8': "(exception_i)==(6'H1d)", 'PartAssign_9': "(exception_i)==(6'H1f)", 'PartAssign_10': "(exception_i)==(6'H10)", 'PartAssign_11': "(exception_i)==(6'H11)", 'PartAssign_12': "(exception_i)==(6'H1c)", '_123_': "(exception_i)>=(6'H30)", '_124_': "(exception_i)>=(6'H30)", '_125_': "(exception_i)<=(6'H33)", '_126_': "(exception_i)<=(6'H33)", '_127_': "(exception_i)&&((csr_raddr_i)==(12'H144))", '_128_': "(exception_i)&&((csr_raddr_i)==(12'H344))", '_129_': "(exception_i)&&((csr_raddr_i)==(12'H344))", '_130_': "(exception_i)&&((csr_raddr_i)==(12'H144))", '_131_': "(exception_i)&&((exception_i)<=(6'H33))", '_132_': '(exception_i)&&(csr_mideleg_q[11])', '_133_': '(exception_i)&&(csr_mideleg_q[11])', '_134_': '(exception_i)&&(csr_mideleg_q[7])', '_135_': '(exception_i)&&(csr_mideleg_q[7])', '_136_': '(exception_i)&&(csr_mideleg_q[7])', '_137_': '(exception_i)&&(csr_mideleg_q[7])', '_138_': '(exception_i)||(csr_mideleg_q[7])', '_139_': '(exception_i)||(csr_mideleg_q[7])', '_140_': '(exception_i)||(csr_mideleg_q[7])', '_141_': '~(csr_mideleg_q[11])', '_142_': '~(csr_mideleg_q[7])', '_143_': '(exception_i)|(csr_mideleg_q[7])', 'buffer_mip_w': '(exception_i)|(csr_mideleg_q[7])', 'irq_priv_r': "(2'H3)", 'irq_masked_r': '(_028_)', 'irq_priv_q': '(_030_)', 'csr_mip_upd_q': '(_015_)', 'rdata_r': '(_031_)', 'csr_mtime_ie_r': '(_019_)', 'csr_mtimecmp_r': '(_021_)', 'csr_mscratch_r': '(_017_)', 'csr_mcycle_r': "((csr_mcycle_q)+(32'D1))", 'csr_mie_r': '(_010_)', 'csr_mip_r': '(_014_)', 'csr_mtvec_r': '(_025_)', 'csr_sr_r': '(_027_)', 'csr_mtval_r': '(_023_)', 'csr_mcause_r': '(_003_)', 'csr_mepc_r': '(_008_)', 'csr_mip_next_q': '(_011_)', 'csr_satp_q': "(32'D0)", 'csr_stvec_q': "(32'D0)", 'csr_sepc_q': "(32'D0)", 'csr_mideleg_q': "(32'D0)", 'csr_mtime_ie_q': '(_018_)', 'csr_mtimecmp_q': '(_020_)', 'csr_mtval_q': '(_022_)', 'csr_mscratch_q': '(_016_)', 'csr_mcycle_h_q': '(_004_)', 'csr_mcycle_q': '(_005_)', 'csr_mpriv_q': "(2'H3)", 'csr_mie_q': '(_009_)', 'csr_mip_q': '(_013_)', 'csr_mtvec_q': '(_024_)', 'csr_sr_q': '(_026_)', 'csr_mcause_q': '(_002_)', 'csr_mepc_q': '(_007_)', 'branch_target_r': '(_001_)', 'branch_r': '(_000_)', '_243_': '|(_242_)', '_255_': '|((_028_))', '_333_': '|(exception_i)', '_155_': '|(_154_)', '_157_': '|(_156_)', '_252_': "((exception_i)||(csr_mideleg_q[7]))?(1'H0):((_015_))", '_253_': "((exception_i)||(csr_mideleg_q[7]))?(1'H1):(((exception_i)||(csr_mideleg_q[7]))?(1'H0):((_015_)))", '_015_': "(rst_i)?(1'H0):(((exception_i)||(csr_mideleg_q[7]))?(1'H1):(((exception_i)||(csr_mideleg_q[7]))?(1'H0):((_015_))))", '_254_': "(|((_028_)))?((2'H3)):((_030_))", '_030_': "(rst_i)?(2'H3):((|((_028_)))?((2'H3)):((_030_)))", '_256_': "((exception_i)&&(csr_mideleg_q[7]))?(1'H1):(1'Hx)", '_052_': "((exception_i)==(6'H20))?(1'Hx):(((exception_i)&&(csr_mideleg_q[7]))?(1'H1):(1'Hx))", '_257_': '((exception_i)&&(csr_mideleg_q[7]))?(_053_):(_066_)', '_041_': "((exception_i)==(6'H20))?(32'Hxxxxxxxx):(((exception_i)&&(csr_mideleg_q[7]))?(_053_):(_066_))", '_258_': "((exception_i)&&(csr_mideleg_q[7]))?(((exception_i)==(6'H20))?(1'Hx):(((exception_i)&&(csr_mideleg_q[7]))?(1'H1):(1'Hx))):(_065_)", '_040_': "((exception_i)==(6'H20))?(1'Hx):(((exception_i)&&(csr_mideleg_q[7]))?(((exception_i)==(6'H20))?(1'Hx):(((exception_i)&&(csr_mideleg_q[7]))?(1'H1):(1'Hx))):(_065_))", '_001_': "((exception_i)==(6'H20))?(_335_):(((exception_i)==(6'H20))?(32'Hxxxxxxxx):(((exception_i)&&(csr_mideleg_q[7]))?(_053_):(_066_)))", '_000_': "((exception_i)==(6'H20))?(1'H1):(((exception_i)==(6'H20))?(1'Hx):(((exception_i)&&(csr_mideleg_q[7]))?(((exception_i)==(6'H20))?(1'Hx):(((exception_i)&&(csr_mideleg_q[7]))?(1'H1):(1'Hx))):(_065_)))", '_011_': "(rst_i)?(32'D0):(_334_)", '_018_': "(rst_i)?(1'H0):((_019_))", '_020_': "(rst_i)?(32'D0):((_021_))", '_016_': "(rst_i)?(32'D0):((_017_))", '_005_': "(rst_i)?(32'D0):(((csr_mcycle_q)+(32'D1)))", '_009_': "(rst_i)?(32'D0):((_010_))", '_013_': "(rst_i)?(32'D0):((_014_))", '_024_': "(rst_i)?(32'D0):((_025_))", '_022_': "(rst_i)?(32'D0):((_023_))", '_002_': "(rst_i)?(32'D0):((_003_))", '_026_': "(rst_i)?(32'D0):((_027_))", '_007_': "(rst_i)?(32'D0):((_008_))", '_259_': "((exception_i)==(32'D4294967295))?((csr_mcycle_h_q)+(32'D1)):((_004_))", '_004_': "(rst_i)?(32'D0):(((exception_i)==(32'D4294967295))?((csr_mcycle_h_q)+(32'D1)):((_004_)))", '_260_': '(csr_mideleg_q[7])?((_018_)):(_057_)', '_097_': "((exception_i)&&(csr_mideleg_q[7]))?((csr_mideleg_q[7])?((_018_)):(_057_)):(1'Hx)", '_261_': '(csr_mideleg_q[7])?(_070_):((_018_))', '_101_': "((exception_i)&&(csr_mideleg_q[7]))?((csr_mideleg_q[7])?(_070_):((_018_))):(1'Hx)", '_019_': "((exception_i)&&(csr_mideleg_q[7]))?(1'H0):(_039_)", 'PartAssign_13': "((exception_i)&&(csr_mideleg_q[7]))?(((exception_i)&&(csr_mideleg_q[7]))?((csr_mideleg_q[7])?(_070_):((_018_))):(1'Hx)):(_070_)", 'PartAssign_14': "((exception_i)&&(csr_mideleg_q[7]))?(((exception_i)&&(csr_mideleg_q[7]))?((csr_mideleg_q[7])?((_018_)):(_057_)):(1'Hx)):(_057_)", '_070_': "((exception_i)&&(csr_mideleg_q[7]))?(1'H1):(csr_mip_next_q[7])", '_057_': "((exception_i)&&(csr_mideleg_q[7]))?(1'H1):(csr_mip_next_q[5])", 'PartAssign_15': "((exception_i)&&(csr_mideleg_q[11]))?(1'H1):(csr_mip_next_q[11])", 'PartAssign_16': "((exception_i)&&(csr_mideleg_q[11]))?(1'H1):(csr_mip_next_q[9])", '_262_': "((csr_waddr_i)==(12'H340))?(csr_wdata_i):((_016_))", '_264_': "((exception_i)==(2'H1))?(32'Hxxxxxxxx):(((csr_waddr_i)==(12'H340))?(csr_wdata_i):((_016_)))", '_265_': "((exception_i)&&((exception_i)<=(6'H33)))?(32'Hxxxxxxxx):(((exception_i)==(2'H1))?(32'Hxxxxxxxx):(((csr_waddr_i)==(12'H340))?(csr_wdata_i):((_016_))))", '_084_': "((exception_i)==(2'H2))?(32'Hxxxxxxxx):(((exception_i)&&((exception_i)<=(6'H33)))?(32'Hxxxxxxxx):(((exception_i)==(2'H1))?(32'Hxxxxxxxx):(((csr_waddr_i)==(12'H340))?(csr_wdata_i):((_016_)))))", '_266_': "((csr_waddr_i)==(12'H7c0))?(1'H1):((_018_))", '_268_': "((exception_i)==(2'H1))?(1'Hx):(((csr_waddr_i)==(12'H7c0))?(1'H1):((_018_)))", '_269_': "((exception_i)&&((exception_i)<=(6'H33)))?(1'Hx):(((exception_i)==(2'H1))?(1'Hx):(((csr_waddr_i)==(12'H7c0))?(1'H1):((_018_))))", '_085_': "((exception_i)==(2'H2))?(1'Hx):(((exception_i)&&((exception_i)<=(6'H33)))?(1'Hx):(((exception_i)==(2'H1))?(1'Hx):(((csr_waddr_i)==(12'H7c0))?(1'H1):((_018_)))))", '_270_': "((csr_waddr_i)==(12'H7c0))?(csr_wdata_i):((_020_))", '_272_': "((exception_i)==(2'H1))?(32'Hxxxxxxxx):(((csr_waddr_i)==(12'H7c0))?(csr_wdata_i):((_020_)))", '_273_': "((exception_i)&&((exception_i)<=(6'H33)))?(32'Hxxxxxxxx):(((exception_i)==(2'H1))?(32'Hxxxxxxxx):(((csr_waddr_i)==(12'H7c0))?(csr_wdata_i):((_020_))))", '_086_': "((exception_i)==(2'H2))?(32'Hxxxxxxxx):(((exception_i)&&((exception_i)<=(6'H33)))?(32'Hxxxxxxxx):(((exception_i)==(2'H1))?(32'Hxxxxxxxx):(((csr_waddr_i)==(12'H7c0))?(csr_wdata_i):((_020_)))))", '_277_': "((exception_i)==(2'H1))?(32'Hxxxxxxxx):(_274_)", '_278_': "((exception_i)&&((exception_i)<=(6'H33)))?(32'Hxxxxxxxx):(((exception_i)==(2'H1))?(32'Hxxxxxxxx):(_274_))", '_082_': "((exception_i)==(2'H2))?(32'Hxxxxxxxx):(((exception_i)&&((exception_i)<=(6'H33)))?(32'Hxxxxxxxx):(((exception_i)==(2'H1))?(32'Hxxxxxxxx):(_274_)))", '_282_': "((exception_i)==(2'H1))?(32'Hxxxxxxxx):(_279_)", '_283_': "((exception_i)&&((exception_i)<=(6'H33)))?(32'Hxxxxxxxx):(((exception_i)==(2'H1))?(32'Hxxxxxxxx):(_279_))", '_083_': "((exception_i)==(2'H2))?(32'Hxxxxxxxx):(((exception_i)&&((exception_i)<=(6'H33)))?(32'Hxxxxxxxx):(((exception_i)==(2'H1))?(32'Hxxxxxxxx):(_279_)))", '_284_': "((csr_waddr_i)==(12'H305))?(csr_wdata_i):((_024_))", '_286_': "((exception_i)==(2'H1))?(32'Hxxxxxxxx):(((csr_waddr_i)==(12'H305))?(csr_wdata_i):((_024_)))", '_287_': "((exception_i)&&((exception_i)<=(6'H33)))?(32'Hxxxxxxxx):(((exception_i)==(2'H1))?(32'Hxxxxxxxx):(((csr_waddr_i)==(12'H305))?(csr_wdata_i):((_024_))))", '_088_': "((exception_i)==(2'H2))?(32'Hxxxxxxxx):(((exception_i)&&((exception_i)<=(6'H33)))?(32'Hxxxxxxxx):(((exception_i)==(2'H1))?(32'Hxxxxxxxx):(((csr_waddr_i)==(12'H305))?(csr_wdata_i):((_024_)))))", '_291_': "((exception_i)==(2'H1))?(32'Hxxxxxxxx):(_288_)", '_292_': "((exception_i)&&((exception_i)<=(6'H33)))?(32'Hxxxxxxxx):(((exception_i)==(2'H1))?(32'Hxxxxxxxx):(_288_))", '_037_': "((exception_i)==(2'H2))?(32'Hxxxxxxxx):(((exception_i)&&((exception_i)<=(6'H33)))?(32'Hxxxxxxxx):(((exception_i)==(2'H1))?(32'Hxxxxxxxx):(_288_)))", '_293_': "((csr_waddr_i)==(12'H343))?(csr_wdata_i):((_022_))", '_295_': "((exception_i)==(2'H1))?(32'Hxxxxxxxx):(((csr_waddr_i)==(12'H343))?(csr_wdata_i):((_022_)))", '_296_': "((exception_i)&&((exception_i)<=(6'H33)))?(32'Hxxxxxxxx):(((exception_i)==(2'H1))?(32'Hxxxxxxxx):(((csr_waddr_i)==(12'H343))?(csr_wdata_i):((_022_))))", '_098_': "((exception_i)==(2'H2))?(32'Hxxxxxxxx):(((exception_i)&&((exception_i)<=(6'H33)))?(32'Hxxxxxxxx):(((exception_i)==(2'H1))?(32'Hxxxxxxxx):(((csr_waddr_i)==(12'H343))?(csr_wdata_i):((_022_)))))", '_297_': "((csr_waddr_i)==(12'H342))?(32'Hxxxxxxxx):((_002_))", '_299_': "((exception_i)==(2'H1))?(32'Hxxxxxxxx):(((csr_waddr_i)==(12'H342))?(32'Hxxxxxxxx):((_002_)))", '_300_': "((exception_i)&&((exception_i)<=(6'H33)))?(32'Hxxxxxxxx):(((exception_i)==(2'H1))?(32'Hxxxxxxxx):(((csr_waddr_i)==(12'H342))?(32'Hxxxxxxxx):((_002_))))", '_103_': "((exception_i)==(2'H2))?(32'Hxxxxxxxx):(((exception_i)&&((exception_i)<=(6'H33)))?(32'Hxxxxxxxx):(((exception_i)==(2'H1))?(32'Hxxxxxxxx):(((csr_waddr_i)==(12'H342))?(32'Hxxxxxxxx):((_002_)))))", '_301_': "((csr_waddr_i)==(12'H341))?(csr_wdata_i):((_007_))", '_303_': "((exception_i)==(2'H1))?(32'Hxxxxxxxx):(((csr_waddr_i)==(12'H341))?(csr_wdata_i):((_007_)))", '_304_': "((exception_i)&&((exception_i)<=(6'H33)))?(32'Hxxxxxxxx):(((exception_i)==(2'H1))?(32'Hxxxxxxxx):(((csr_waddr_i)==(12'H341))?(csr_wdata_i):((_007_))))", '_093_': "((exception_i)==(2'H2))?(32'Hxxxxxxxx):(((exception_i)&&((exception_i)<=(6'H33)))?(32'Hxxxxxxxx):(((exception_i)==(2'H1))?(32'Hxxxxxxxx):(((csr_waddr_i)==(12'H341))?(csr_wdata_i):((_007_)))))", '_305_': "((exception_i)==(2'H1))?((_026_)):(((exception_i)==(2'H2))?(32'Hxxxxxxxx):(((exception_i)&&((exception_i)<=(6'H33)))?(32'Hxxxxxxxx):(((exception_i)==(2'H1))?(32'Hxxxxxxxx):(_288_))))", '_306_': "((exception_i)&&((exception_i)<=(6'H33)))?(19'Hxxxxx):(((exception_i)==(2'H1))?((_026_)):(((exception_i)==(2'H2))?(32'Hxxxxxxxx):(((exception_i)&&((exception_i)<=(6'H33)))?(32'Hxxxxxxxx):(((exception_i)==(2'H1))?(32'Hxxxxxxxx):(_288_)))))", 'PartAssign_17': "((exception_i)==(2'H2))?(19'Hxxxxx):(((exception_i)&&((exception_i)<=(6'H33)))?(19'Hxxxxx):(((exception_i)==(2'H1))?((_026_)):(((exception_i)==(2'H2))?(32'Hxxxxxxxx):(((exception_i)&&((exception_i)<=(6'H33)))?(32'Hxxxxxxxx):(((exception_i)==(2'H1))?(32'Hxxxxxxxx):(_288_))))))", '_307_': "((exception_i)==(2'H1))?((_026_)):(((exception_i)==(2'H2))?(32'Hxxxxxxxx):(((exception_i)&&((exception_i)<=(6'H33)))?(32'Hxxxxxxxx):(((exception_i)==(2'H1))?(32'Hxxxxxxxx):(_288_))))", '_308_': "((exception_i)&&((exception_i)<=(6'H33)))?(3'Hx):(((exception_i)==(2'H1))?((_026_)):(((exception_i)==(2'H2))?(32'Hxxxxxxxx):(((exception_i)&&((exception_i)<=(6'H33)))?(32'Hxxxxxxxx):(((exception_i)==(2'H1))?(32'Hxxxxxxxx):(_288_)))))", 'PartAssign_18': "((exception_i)==(2'H2))?(3'Hx):(((exception_i)&&((exception_i)<=(6'H33)))?(3'Hx):(((exception_i)==(2'H1))?((_026_)):(((exception_i)==(2'H2))?(32'Hxxxxxxxx):(((exception_i)&&((exception_i)<=(6'H33)))?(32'Hxxxxxxxx):(((exception_i)==(2'H1))?(32'Hxxxxxxxx):(_288_))))))", '_309_': "((exception_i)==(2'H1))?((_026_)):(((exception_i)==(2'H2))?(32'Hxxxxxxxx):(((exception_i)&&((exception_i)<=(6'H33)))?(32'Hxxxxxxxx):(((exception_i)==(2'H1))?(32'Hxxxxxxxx):(_288_))))", '_310_': "((exception_i)&&((exception_i)<=(6'H33)))?(3'Hx):(((exception_i)==(2'H1))?((_026_)):(((exception_i)==(2'H2))?(32'Hxxxxxxxx):(((exception_i)&&((exception_i)<=(6'H33)))?(32'Hxxxxxxxx):(((exception_i)==(2'H1))?(32'Hxxxxxxxx):(_288_)))))", 'PartAssign_19': "((exception_i)==(2'H2))?(3'Hx):(((exception_i)&&((exception_i)<=(6'H33)))?(3'Hx):(((exception_i)==(2'H1))?((_026_)):(((exception_i)==(2'H2))?(32'Hxxxxxxxx):(((exception_i)&&((exception_i)<=(6'H33)))?(32'Hxxxxxxxx):(((exception_i)==(2'H1))?(32'Hxxxxxxxx):(_288_))))))", '_311_': "((exception_i)==(2'H1))?((_026_)):(((exception_i)==(2'H2))?(32'Hxxxxxxxx):(((exception_i)&&((exception_i)<=(6'H33)))?(32'Hxxxxxxxx):(((exception_i)==(2'H1))?(32'Hxxxxxxxx):(_288_))))", '_312_': "((exception_i)&&((exception_i)<=(6'H33)))?(3'Hx):(((exception_i)==(2'H1))?((_026_)):(((exception_i)==(2'H2))?(32'Hxxxxxxxx):(((exception_i)&&((exception_i)<=(6'H33)))?(32'Hxxxxxxxx):(((exception_i)==(2'H1))?(32'Hxxxxxxxx):(_288_)))))", 'PartAssign_20': "((exception_i)==(2'H2))?(3'Hx):(((exception_i)&&((exception_i)<=(6'H33)))?(3'Hx):(((exception_i)==(2'H1))?((_026_)):(((exception_i)==(2'H2))?(32'Hxxxxxxxx):(((exception_i)&&((exception_i)<=(6'H33)))?(32'Hxxxxxxxx):(((exception_i)==(2'H1))?(32'Hxxxxxxxx):(_288_))))))", '_313_': "((exception_i)==(2'H1))?(3'Hx):(((exception_i)==(2'H2))?(32'Hxxxxxxxx):(((exception_i)&&((exception_i)<=(6'H33)))?(32'Hxxxxxxxx):(((exception_i)==(2'H1))?(32'Hxxxxxxxx):(((csr_waddr_i)==(12'H342))?(32'Hxxxxxxxx):((_002_))))))", '_314_': "((exception_i)&&((exception_i)<=(6'H33)))?(32'Hxxxxxxxx):(((exception_i)==(2'H1))?(3'Hx):(((exception_i)==(2'H2))?(32'Hxxxxxxxx):(((exception_i)&&((exception_i)<=(6'H33)))?(32'Hxxxxxxxx):(((exception_i)==(2'H1))?(32'Hxxxxxxxx):(((csr_waddr_i)==(12'H342))?(32'Hxxxxxxxx):((_002_)))))))", '_100_': "((exception_i)==(2'H2))?(32'Hxxxxxxxx):(((exception_i)&&((exception_i)<=(6'H33)))?(32'Hxxxxxxxx):(((exception_i)==(2'H1))?(3'Hx):(((exception_i)==(2'H2))?(32'Hxxxxxxxx):(((exception_i)&&((exception_i)<=(6'H33)))?(32'Hxxxxxxxx):(((exception_i)==(2'H1))?(32'Hxxxxxxxx):(((csr_waddr_i)==(12'H342))?(32'Hxxxxxxxx):((_002_))))))))", '_315_': "((exception_i)==(2'H1))?(_094_):(((exception_i)==(2'H2))?(32'Hxxxxxxxx):(((exception_i)&&((exception_i)<=(6'H33)))?(32'Hxxxxxxxx):(((exception_i)==(2'H1))?(32'Hxxxxxxxx):(((csr_waddr_i)==(12'H343))?(csr_wdata_i):((_022_))))))", '_316_': "((exception_i)&&((exception_i)<=(6'H33)))?(32'Hxxxxxxxx):(((exception_i)==(2'H1))?(_094_):(((exception_i)==(2'H2))?(32'Hxxxxxxxx):(((exception_i)&&((exception_i)<=(6'H33)))?(32'Hxxxxxxxx):(((exception_i)==(2'H1))?(32'Hxxxxxxxx):(((csr_waddr_i)==(12'H343))?(csr_wdata_i):((_022_)))))))", '_087_': "((exception_i)==(2'H2))?(32'Hxxxxxxxx):(((exception_i)&&((exception_i)<=(6'H33)))?(32'Hxxxxxxxx):(((exception_i)==(2'H1))?(_094_):(((exception_i)==(2'H2))?(32'Hxxxxxxxx):(((exception_i)&&((exception_i)<=(6'H33)))?(32'Hxxxxxxxx):(((exception_i)==(2'H1))?(32'Hxxxxxxxx):(((csr_waddr_i)==(12'H343))?(csr_wdata_i):((_022_))))))))", '_317_': "((exception_i)==(2'H1))?(exception_pc_i):(((exception_i)==(2'H2))?(32'Hxxxxxxxx):(((exception_i)&&((exception_i)<=(6'H33)))?(32'Hxxxxxxxx):(((exception_i)==(2'H1))?(32'Hxxxxxxxx):(((csr_waddr_i)==(12'H341))?(csr_wdata_i):((_007_))))))", '_318_': "((exception_i)&&((exception_i)<=(6'H33)))?(32'Hxxxxxxxx):(((exception_i)==(2'H1))?(exception_pc_i):(((exception_i)==(2'H2))?(32'Hxxxxxxxx):(((exception_i)&&((exception_i)<=(6'H33)))?(32'Hxxxxxxxx):(((exception_i)==(2'H1))?(32'Hxxxxxxxx):(((csr_waddr_i)==(12'H341))?(csr_wdata_i):((_007_)))))))", '_081_': "((exception_i)==(2'H2))?(32'Hxxxxxxxx):(((exception_i)&&((exception_i)<=(6'H33)))?(32'Hxxxxxxxx):(((exception_i)==(2'H1))?(exception_pc_i):(((exception_i)==(2'H2))?(32'Hxxxxxxxx):(((exception_i)&&((exception_i)<=(6'H33)))?(32'Hxxxxxxxx):(((exception_i)==(2'H1))?(32'Hxxxxxxxx):(((csr_waddr_i)==(12'H341))?(csr_wdata_i):((_007_))))))))", '_319_': "((exception_i)==(2'H1))?(1'H0):(_037_[3])", '_320_': "((exception_i)&&((exception_i)<=(6'H33)))?(1'Hx):(((exception_i)==(2'H1))?(1'H0):(_037_[3]))", 'PartAssign_21': "((exception_i)==(2'H2))?(1'Hx):(((exception_i)&&((exception_i)<=(6'H33)))?(1'Hx):(((exception_i)==(2'H1))?(1'H0):(_037_[3])))", '_321_': "((exception_i)==(2'H1))?((2'H3)):(((exception_i)==(2'H2))?(32'Hxxxxxxxx):(((exception_i)&&((exception_i)<=(6'H33)))?(32'Hxxxxxxxx):(((exception_i)==(2'H1))?(32'Hxxxxxxxx):(_288_))))", '_322_': "((exception_i)&&((exception_i)<=(6'H33)))?(2'Hx):(((exception_i)==(2'H1))?((2'H3)):(((exception_i)==(2'H2))?(32'Hxxxxxxxx):(((exception_i)&&((exception_i)<=(6'H33)))?(32'Hxxxxxxxx):(((exception_i)==(2'H1))?(32'Hxxxxxxxx):(_288_)))))", 'PartAssign_22': "((exception_i)==(2'H2))?(2'Hx):(((exception_i)&&((exception_i)<=(6'H33)))?(2'Hx):(((exception_i)==(2'H1))?((2'H3)):(((exception_i)==(2'H2))?(32'Hxxxxxxxx):(((exception_i)&&((exception_i)<=(6'H33)))?(32'Hxxxxxxxx):(((exception_i)==(2'H1))?(32'Hxxxxxxxx):(_288_))))))", '_323_': "((exception_i)==(2'H1))?(csr_sr_q[3]):(_037_[7])", '_324_': "((exception_i)&&((exception_i)<=(6'H33)))?(1'Hx):(((exception_i)==(2'H1))?(csr_sr_q[3]):(_037_[7]))", 'PartAssign_23': "((exception_i)==(2'H2))?(1'Hx):(((exception_i)&&((exception_i)<=(6'H33)))?(1'Hx):(((exception_i)==(2'H1))?(csr_sr_q[3]):(_037_[7])))", '_325_': "((exception_i)==(2'H1))?((_018_)):(((exception_i)==(2'H2))?(1'Hx):(((exception_i)&&((exception_i)<=(6'H33)))?(1'Hx):(((exception_i)==(2'H1))?(1'Hx):(((csr_waddr_i)==(12'H7c0))?(1'H1):((_018_))))))", '_326_': "((exception_i)&&((exception_i)<=(6'H33)))?(1'Hx):(((exception_i)==(2'H1))?((_018_)):(((exception_i)==(2'H2))?(1'Hx):(((exception_i)&&((exception_i)<=(6'H33)))?(1'Hx):(((exception_i)==(2'H1))?(1'Hx):(((csr_waddr_i)==(12'H7c0))?(1'H1):((_018_)))))))", '_073_': "((exception_i)==(2'H2))?(1'Hx):(((exception_i)&&((exception_i)<=(6'H33)))?(1'Hx):(((exception_i)==(2'H1))?((_018_)):(((exception_i)==(2'H2))?(1'Hx):(((exception_i)&&((exception_i)<=(6'H33)))?(1'Hx):(((exception_i)==(2'H1))?(1'Hx):(((csr_waddr_i)==(12'H7c0))?(1'H1):((_018_))))))))", '_327_': "((exception_i)==(2'H1))?((_020_)):(((exception_i)==(2'H2))?(32'Hxxxxxxxx):(((exception_i)&&((exception_i)<=(6'H33)))?(32'Hxxxxxxxx):(((exception_i)==(2'H1))?(32'Hxxxxxxxx):(((csr_waddr_i)==(12'H7c0))?(csr_wdata_i):((_020_))))))", '_328_': "((exception_i)&&((exception_i)<=(6'H33)))?(32'Hxxxxxxxx):(((exception_i)==(2'H1))?((_020_)):(((exception_i)==(2'H2))?(32'Hxxxxxxxx):(((exception_i)&&((exception_i)<=(6'H33)))?(32'Hxxxxxxxx):(((exception_i)==(2'H1))?(32'Hxxxxxxxx):(((csr_waddr_i)==(12'H7c0))?(csr_wdata_i):((_020_)))))))", '_074_': "((exception_i)==(2'H2))?(32'Hxxxxxxxx):(((exception_i)&&((exception_i)<=(6'H33)))?(32'Hxxxxxxxx):(((exception_i)==(2'H1))?((_020_)):(((exception_i)==(2'H2))?(32'Hxxxxxxxx):(((exception_i)&&((exception_i)<=(6'H33)))?(32'Hxxxxxxxx):(((exception_i)==(2'H1))?(32'Hxxxxxxxx):(((csr_waddr_i)==(12'H7c0))?(csr_wdata_i):((_020_))))))))", '_331_': "((exception_i)==(6'H34))?((exception_pc_i)+(32'D4)):(32'D0)", '_329_': "((exception_i)==(2'H1))?((_016_)):(((exception_i)==(2'H2))?(32'Hxxxxxxxx):(((exception_i)&&((exception_i)<=(6'H33)))?(32'Hxxxxxxxx):(((exception_i)==(2'H1))?(32'Hxxxxxxxx):(((csr_waddr_i)==(12'H340))?(csr_wdata_i):((_016_))))))", '_330_': "((exception_i)&&((exception_i)<=(6'H33)))?(32'Hxxxxxxxx):(((exception_i)==(2'H1))?((_016_)):(((exception_i)==(2'H2))?(32'Hxxxxxxxx):(((exception_i)&&((exception_i)<=(6'H33)))?(32'Hxxxxxxxx):(((exception_i)==(2'H1))?(32'Hxxxxxxxx):(((csr_waddr_i)==(12'H340))?(csr_wdata_i):((_016_)))))))", '_072_': "((exception_i)==(2'H2))?(32'Hxxxxxxxx):(((exception_i)&&((exception_i)<=(6'H33)))?(32'Hxxxxxxxx):(((exception_i)==(2'H1))?((_016_)):(((exception_i)==(2'H2))?(32'Hxxxxxxxx):(((exception_i)&&((exception_i)<=(6'H33)))?(32'Hxxxxxxxx):(((exception_i)==(2'H1))?(32'Hxxxxxxxx):(((csr_waddr_i)==(12'H340))?(csr_wdata_i):((_016_))))))))", '_332_': "((exception_i)==(2'H1))?((_009_)):(((exception_i)==(2'H2))?(32'Hxxxxxxxx):(((exception_i)&&((exception_i)<=(6'H33)))?(32'Hxxxxxxxx):(((exception_i)==(2'H1))?(32'Hxxxxxxxx):(_274_))))", '_028_': "(csr_sr_q[3])?((csr_mip_q)&(csr_mie_q)):(32'D0)", '_334_': "((exception_i)|(csr_mideleg_q[7]))?(csr_mip_next_r):(32'D0)", '_335_': "((exception_i)==(2'H3))?((_024_)):((32'D0))", '_147_': "((exception_i)&&((exception_i)<=(6'H33)))?(32'Hxxxxxxxx):(((exception_i)==(2'H1))?((_009_)):(((exception_i)==(2'H2))?(32'Hxxxxxxxx):(((exception_i)&&((exception_i)<=(6'H33)))?(32'Hxxxxxxxx):(((exception_i)==(2'H1))?(32'Hxxxxxxxx):(_274_)))))", '_069_': "((exception_i)==(2'H2))?(32'Hxxxxxxxx):(((exception_i)&&((exception_i)<=(6'H33)))?(32'Hxxxxxxxx):(((exception_i)==(2'H1))?((_009_)):(((exception_i)==(2'H2))?(32'Hxxxxxxxx):(((exception_i)&&((exception_i)<=(6'H33)))?(32'Hxxxxxxxx):(((exception_i)==(2'H1))?(32'Hxxxxxxxx):(_274_))))))", '_148_': "((exception_i)==(2'H1))?((_013_)):(((exception_i)==(2'H2))?(32'Hxxxxxxxx):(((exception_i)&&((exception_i)<=(6'H33)))?(32'Hxxxxxxxx):(((exception_i)==(2'H1))?(32'Hxxxxxxxx):(_279_))))", '_151_': "((exception_i)==(2'H1))?(32'Hxxxxxxxx):(((exception_i)==(6'H34))?((exception_pc_i)+(32'D4)):(32'D0))", '_149_': "((exception_i)&&((exception_i)<=(6'H33)))?(32'Hxxxxxxxx):(((exception_i)==(2'H1))?((_013_)):(((exception_i)==(2'H2))?(32'Hxxxxxxxx):(((exception_i)&&((exception_i)<=(6'H33)))?(32'Hxxxxxxxx):(((exception_i)==(2'H1))?(32'Hxxxxxxxx):(_279_)))))", '_071_': "((exception_i)==(2'H2))?(32'Hxxxxxxxx):(((exception_i)&&((exception_i)<=(6'H33)))?(32'Hxxxxxxxx):(((exception_i)==(2'H1))?((_013_)):(((exception_i)==(2'H2))?(32'Hxxxxxxxx):(((exception_i)&&((exception_i)<=(6'H33)))?(32'Hxxxxxxxx):(((exception_i)==(2'H1))?(32'Hxxxxxxxx):(_279_))))))", '_150_': "((exception_i)==(2'H1))?((_024_)):(((exception_i)==(2'H2))?(32'Hxxxxxxxx):(((exception_i)&&((exception_i)<=(6'H33)))?(32'Hxxxxxxxx):(((exception_i)==(2'H1))?(32'Hxxxxxxxx):(((csr_waddr_i)==(12'H305))?(csr_wdata_i):((_024_))))))", '_152_': "((exception_i)&&((exception_i)<=(6'H33)))?(32'Hxxxxxxxx):(((exception_i)==(2'H1))?((_024_)):(((exception_i)==(2'H2))?(32'Hxxxxxxxx):(((exception_i)&&((exception_i)<=(6'H33)))?(32'Hxxxxxxxx):(((exception_i)==(2'H1))?(32'Hxxxxxxxx):(((csr_waddr_i)==(12'H305))?(csr_wdata_i):((_024_)))))))", '_076_': "((exception_i)==(2'H2))?(32'Hxxxxxxxx):(((exception_i)&&((exception_i)<=(6'H33)))?(32'Hxxxxxxxx):(((exception_i)==(2'H1))?((_024_)):(((exception_i)==(2'H2))?(32'Hxxxxxxxx):(((exception_i)&&((exception_i)<=(6'H33)))?(32'Hxxxxxxxx):(((exception_i)==(2'H1))?(32'Hxxxxxxxx):(((csr_waddr_i)==(12'H305))?(csr_wdata_i):((_024_))))))))", '_158_': "((exception_i)==(2'H1))?(_153_):(32'Hxxxxxxxx)", '_159_': "((exception_i)&&((exception_i)<=(6'H33)))?(32'Hxxxxxxxx):(((exception_i)==(2'H1))?(_153_):(32'Hxxxxxxxx))", '_094_': "((exception_i)==(2'H2))?(32'Hxxxxxxxx):(((exception_i)&&((exception_i)<=(6'H33)))?(32'Hxxxxxxxx):(((exception_i)==(2'H1))?(_153_):(32'Hxxxxxxxx)))", '_160_': "((exception_i)&&((exception_i)<=(6'H33)))?(23'Hxxxxxx):(_036_)", 'PartAssign_24': "((exception_i)==(2'H2))?(23'Hxxxxxx):(((exception_i)&&((exception_i)<=(6'H33)))?(23'Hxxxxxx):(_036_))", '_161_': "((exception_i)&&((exception_i)<=(6'H33)))?(2'Hx):(_036_)", 'PartAssign_25': "((exception_i)==(2'H2))?(2'Hx):(((exception_i)&&((exception_i)<=(6'H33)))?(2'Hx):(_036_))", '_162_': "((exception_i)&&((exception_i)<=(6'H33)))?(3'Hx):(_036_)", '_164_': "((exception_i)&&(csr_mideleg_q[7]))?(32'Hxxxxxxxx):(((exception_i)==(2'H1))?(32'Hxxxxxxxx):(((exception_i)==(6'H34))?((exception_pc_i)+(32'D4)):(32'D0)))", 'PartAssign_26': "((exception_i)==(2'H2))?(3'Hx):(((exception_i)&&((exception_i)<=(6'H33)))?(3'Hx):(_036_))", '_163_': "((exception_i)&&((exception_i)<=(6'H33)))?(1'Hx):(_036_[0])", 'PartAssign_27': "((exception_i)==(2'H2))?(1'Hx):(((exception_i)&&((exception_i)<=(6'H33)))?(1'Hx):(_036_[0]))", '_091_': "((exception_i)==(6'H20))?(32'Hxxxxxxxx):(((exception_i)&&(csr_mideleg_q[7]))?(32'Hxxxxxxxx):(((exception_i)==(2'H1))?(32'Hxxxxxxxx):(((exception_i)==(6'H34))?((exception_pc_i)+(32'D4)):(32'D0))))", '_165_': "((exception_i)&&((exception_i)<=(6'H33)))?(1'Hx):(_036_[1])", 'PartAssign_28': "((exception_i)==(2'H2))?(1'Hx):(((exception_i)&&((exception_i)<=(6'H33)))?(1'Hx):(_036_[1]))", '_168_': "((exception_i)==(6'H34))?(1'H1):(1'H0)", '_166_': "((exception_i)&&((exception_i)<=(6'H33)))?(1'Hx):(_036_[8])", 'PartAssign_29': "((exception_i)==(2'H2))?(1'Hx):(((exception_i)&&((exception_i)<=(6'H33)))?(1'Hx):(_036_[8]))", '_167_': "((exception_i)&&((exception_i)<=(6'H33)))?(1'Hx):(_036_[5])", 'PartAssign_30': "((exception_i)==(2'H2))?(1'Hx):(((exception_i)&&((exception_i)<=(6'H33)))?(1'Hx):(_036_[5]))", '_169_': "((exception_i)==(2'H1))?(1'Hx):(((exception_i)==(6'H34))?(1'H1):(1'H0))", '_170_': "((exception_i)&&((exception_i)<=(6'H33)))?(1'Hx):(((exception_i)==(2'H2))?(1'Hx):(((exception_i)&&((exception_i)<=(6'H33)))?(1'Hx):(((exception_i)==(2'H1))?((_018_)):(((exception_i)==(2'H2))?(1'Hx):(((exception_i)&&((exception_i)<=(6'H33)))?(1'Hx):(((exception_i)==(2'H1))?(1'Hx):(((csr_waddr_i)==(12'H7c0))?(1'H1):((_018_)))))))))", '_060_': "((exception_i)==(2'H2))?(1'Hx):(((exception_i)&&((exception_i)<=(6'H33)))?(1'Hx):(((exception_i)==(2'H2))?(1'Hx):(((exception_i)&&((exception_i)<=(6'H33)))?(1'Hx):(((exception_i)==(2'H1))?((_018_)):(((exception_i)==(2'H2))?(1'Hx):(((exception_i)&&((exception_i)<=(6'H33)))?(1'Hx):(((exception_i)==(2'H1))?(1'Hx):(((csr_waddr_i)==(12'H7c0))?(1'H1):((_018_))))))))))", '_171_': "((exception_i)&&((exception_i)<=(6'H33)))?(32'Hxxxxxxxx):(((exception_i)==(2'H2))?(32'Hxxxxxxxx):(((exception_i)&&((exception_i)<=(6'H33)))?(32'Hxxxxxxxx):(((exception_i)==(2'H1))?((_020_)):(((exception_i)==(2'H2))?(32'Hxxxxxxxx):(((exception_i)&&((exception_i)<=(6'H33)))?(32'Hxxxxxxxx):(((exception_i)==(2'H1))?(32'Hxxxxxxxx):(((csr_waddr_i)==(12'H7c0))?(csr_wdata_i):((_020_)))))))))", '_061_': "((exception_i)==(2'H2))?(32'Hxxxxxxxx):(((exception_i)&&((exception_i)<=(6'H33)))?(32'Hxxxxxxxx):(((exception_i)==(2'H2))?(32'Hxxxxxxxx):(((exception_i)&&((exception_i)<=(6'H33)))?(32'Hxxxxxxxx):(((exception_i)==(2'H1))?((_020_)):(((exception_i)==(2'H2))?(32'Hxxxxxxxx):(((exception_i)&&((exception_i)<=(6'H33)))?(32'Hxxxxxxxx):(((exception_i)==(2'H1))?(32'Hxxxxxxxx):(((csr_waddr_i)==(12'H7c0))?(csr_wdata_i):((_020_))))))))))", '_172_': "((exception_i)&&((exception_i)<=(6'H33)))?(32'Hxxxxxxxx):(((exception_i)==(2'H2))?(32'Hxxxxxxxx):(((exception_i)&&((exception_i)<=(6'H33)))?(32'Hxxxxxxxx):(((exception_i)==(2'H1))?((_016_)):(((exception_i)==(2'H2))?(32'Hxxxxxxxx):(((exception_i)&&((exception_i)<=(6'H33)))?(32'Hxxxxxxxx):(((exception_i)==(2'H1))?(32'Hxxxxxxxx):(((csr_waddr_i)==(12'H340))?(csr_wdata_i):((_016_)))))))))", '_059_': "((exception_i)==(2'H2))?(32'Hxxxxxxxx):(((exception_i)&&((exception_i)<=(6'H33)))?(32'Hxxxxxxxx):(((exception_i)==(2'H2))?(32'Hxxxxxxxx):(((exception_i)&&((exception_i)<=(6'H33)))?(32'Hxxxxxxxx):(((exception_i)==(2'H1))?((_016_)):(((exception_i)==(2'H2))?(32'Hxxxxxxxx):(((exception_i)&&((exception_i)<=(6'H33)))?(32'Hxxxxxxxx):(((exception_i)==(2'H1))?(32'Hxxxxxxxx):(((csr_waddr_i)==(12'H340))?(csr_wdata_i):((_016_))))))))))", '_175_': "((exception_i)&&(csr_mideleg_q[7]))?(1'Hx):(((exception_i)==(2'H1))?(1'Hx):(((exception_i)==(6'H34))?(1'H1):(1'H0)))", '_173_': "((exception_i)&&((exception_i)<=(6'H33)))?(32'Hxxxxxxxx):(((exception_i)==(2'H2))?(32'Hxxxxxxxx):(((exception_i)&&((exception_i)<=(6'H33)))?(32'Hxxxxxxxx):(((exception_i)==(2'H1))?((_009_)):(((exception_i)==(2'H2))?(32'Hxxxxxxxx):(((exception_i)&&((exception_i)<=(6'H33)))?(32'Hxxxxxxxx):(((exception_i)==(2'H1))?(32'Hxxxxxxxx):(_274_)))))))", '_056_': "((exception_i)==(2'H2))?(32'Hxxxxxxxx):(((exception_i)&&((exception_i)<=(6'H33)))?(32'Hxxxxxxxx):(((exception_i)==(2'H2))?(32'Hxxxxxxxx):(((exception_i)&&((exception_i)<=(6'H33)))?(32'Hxxxxxxxx):(((exception_i)==(2'H1))?((_009_)):(((exception_i)==(2'H2))?(32'Hxxxxxxxx):(((exception_i)&&((exception_i)<=(6'H33)))?(32'Hxxxxxxxx):(((exception_i)==(2'H1))?(32'Hxxxxxxxx):(_274_))))))))", '_174_': "((exception_i)&&((exception_i)<=(6'H33)))?(32'Hxxxxxxxx):(((exception_i)==(2'H2))?(32'Hxxxxxxxx):(((exception_i)&&((exception_i)<=(6'H33)))?(32'Hxxxxxxxx):(((exception_i)==(2'H1))?((_013_)):(((exception_i)==(2'H2))?(32'Hxxxxxxxx):(((exception_i)&&((exception_i)<=(6'H33)))?(32'Hxxxxxxxx):(((exception_i)==(2'H1))?(32'Hxxxxxxxx):(_279_)))))))", '_058_': "((exception_i)==(2'H2))?(32'Hxxxxxxxx):(((exception_i)&&((exception_i)<=(6'H33)))?(32'Hxxxxxxxx):(((exception_i)==(2'H2))?(32'Hxxxxxxxx):(((exception_i)&&((exception_i)<=(6'H33)))?(32'Hxxxxxxxx):(((exception_i)==(2'H1))?((_013_)):(((exception_i)==(2'H2))?(32'Hxxxxxxxx):(((exception_i)&&((exception_i)<=(6'H33)))?(32'Hxxxxxxxx):(((exception_i)==(2'H1))?(32'Hxxxxxxxx):(_279_))))))))", '_176_': "((exception_i)&&((exception_i)<=(6'H33)))?(32'Hxxxxxxxx):(((exception_i)==(2'H2))?(32'Hxxxxxxxx):(((exception_i)&&((exception_i)<=(6'H33)))?(32'Hxxxxxxxx):(((exception_i)==(2'H1))?((_024_)):(((exception_i)==(2'H2))?(32'Hxxxxxxxx):(((exception_i)&&((exception_i)<=(6'H33)))?(32'Hxxxxxxxx):(((exception_i)==(2'H1))?(32'Hxxxxxxxx):(((csr_waddr_i)==(12'H305))?(csr_wdata_i):((_024_)))))))))", '_063_': "((exception_i)==(2'H2))?(32'Hxxxxxxxx):(((exception_i)&&((exception_i)<=(6'H33)))?(32'Hxxxxxxxx):(((exception_i)==(2'H2))?(32'Hxxxxxxxx):(((exception_i)&&((exception_i)<=(6'H33)))?(32'Hxxxxxxxx):(((exception_i)==(2'H1))?((_024_)):(((exception_i)==(2'H2))?(32'Hxxxxxxxx):(((exception_i)&&((exception_i)<=(6'H33)))?(32'Hxxxxxxxx):(((exception_i)==(2'H1))?(32'Hxxxxxxxx):(((csr_waddr_i)==(12'H305))?(csr_wdata_i):((_024_))))))))))", '_090_': "((exception_i)==(6'H20))?(1'Hx):(((exception_i)&&(csr_mideleg_q[7]))?(1'Hx):(((exception_i)==(2'H1))?(1'Hx):(((exception_i)==(6'H34))?(1'H1):(1'H0))))", '_177_': "((exception_i)&&((exception_i)<=(6'H33)))?(32'Hxxxxxxxx):(((exception_i)==(2'H2))?(32'Hxxxxxxxx):(((exception_i)&&((exception_i)<=(6'H33)))?(32'Hxxxxxxxx):(((exception_i)==(2'H1))?(_094_):(((exception_i)==(2'H2))?(32'Hxxxxxxxx):(((exception_i)&&((exception_i)<=(6'H33)))?(32'Hxxxxxxxx):(((exception_i)==(2'H1))?(32'Hxxxxxxxx):(((csr_waddr_i)==(12'H343))?(csr_wdata_i):((_022_)))))))))", '_075_': "((exception_i)==(2'H2))?(32'Hxxxxxxxx):(((exception_i)&&((exception_i)<=(6'H33)))?(32'Hxxxxxxxx):(((exception_i)==(2'H2))?(32'Hxxxxxxxx):(((exception_i)&&((exception_i)<=(6'H33)))?(32'Hxxxxxxxx):(((exception_i)==(2'H1))?(_094_):(((exception_i)==(2'H2))?(32'Hxxxxxxxx):(((exception_i)&&((exception_i)<=(6'H33)))?(32'Hxxxxxxxx):(((exception_i)==(2'H1))?(32'Hxxxxxxxx):(((csr_waddr_i)==(12'H343))?(csr_wdata_i):((_022_))))))))))", '_178_': "((exception_i)&&((exception_i)<=(6'H33)))?(32'Hxxxxxxxx):(((exception_i)==(2'H2))?(32'Hxxxxxxxx):(((exception_i)&&((exception_i)<=(6'H33)))?(32'Hxxxxxxxx):(((exception_i)==(2'H1))?(3'Hx):(((exception_i)==(2'H2))?(32'Hxxxxxxxx):(((exception_i)&&((exception_i)<=(6'H33)))?(32'Hxxxxxxxx):(((exception_i)==(2'H1))?(32'Hxxxxxxxx):(((csr_waddr_i)==(12'H342))?(32'Hxxxxxxxx):((_002_)))))))))", '_096_': "((exception_i)==(2'H2))?(32'Hxxxxxxxx):(((exception_i)&&((exception_i)<=(6'H33)))?(32'Hxxxxxxxx):(((exception_i)==(2'H2))?(32'Hxxxxxxxx):(((exception_i)&&((exception_i)<=(6'H33)))?(32'Hxxxxxxxx):(((exception_i)==(2'H1))?(3'Hx):(((exception_i)==(2'H2))?(32'Hxxxxxxxx):(((exception_i)&&((exception_i)<=(6'H33)))?(32'Hxxxxxxxx):(((exception_i)==(2'H1))?(32'Hxxxxxxxx):(((csr_waddr_i)==(12'H342))?(32'Hxxxxxxxx):((_002_))))))))))", '_179_': "((exception_i)&&((exception_i)<=(6'H33)))?(32'Hxxxxxxxx):(((exception_i)==(2'H2))?(32'Hxxxxxxxx):(((exception_i)&&((exception_i)<=(6'H33)))?(32'Hxxxxxxxx):(((exception_i)==(2'H1))?(exception_pc_i):(((exception_i)==(2'H2))?(32'Hxxxxxxxx):(((exception_i)&&((exception_i)<=(6'H33)))?(32'Hxxxxxxxx):(((exception_i)==(2'H1))?(32'Hxxxxxxxx):(((csr_waddr_i)==(12'H341))?(csr_wdata_i):((_007_)))))))))", '_181_': "((exception_i)==(2'H1))?((_024_)):(((exception_i)==(6'H20))?(32'Hxxxxxxxx):(((exception_i)&&(csr_mideleg_q[7]))?(32'Hxxxxxxxx):(((exception_i)==(2'H1))?(32'Hxxxxxxxx):(((exception_i)==(6'H34))?((exception_pc_i)+(32'D4)):(32'D0)))))", '_068_': "((exception_i)==(2'H2))?(32'Hxxxxxxxx):(((exception_i)&&((exception_i)<=(6'H33)))?(32'Hxxxxxxxx):(((exception_i)==(2'H2))?(32'Hxxxxxxxx):(((exception_i)&&((exception_i)<=(6'H33)))?(32'Hxxxxxxxx):(((exception_i)==(2'H1))?(exception_pc_i):(((exception_i)==(2'H2))?(32'Hxxxxxxxx):(((exception_i)&&((exception_i)<=(6'H33)))?(32'Hxxxxxxxx):(((exception_i)==(2'H1))?(32'Hxxxxxxxx):(((csr_waddr_i)==(12'H341))?(csr_wdata_i):((_007_))))))))))", '_180_': "((exception_i)&&((exception_i)<=(6'H33)))?((_026_)):(_035_)", 'PartAssign_31': "((exception_i)==(2'H2))?(19'Hxxxxx):(((exception_i)&&((exception_i)<=(6'H33)))?((_026_)):(_035_))", '_182_': "((exception_i)&&((exception_i)<=(6'H33)))?((_026_)):(_035_)", 'PartAssign_32': "((exception_i)==(2'H2))?(2'Hx):(((exception_i)&&((exception_i)<=(6'H33)))?((_026_)):(_035_))", '_183_': "((exception_i)&&((exception_i)<=(6'H33)))?(csr_sr_q[6]):(_035_[6])", 'PartAssign_33': "((exception_i)==(2'H2))?(1'Hx):(((exception_i)&&((exception_i)<=(6'H33)))?(csr_sr_q[6]):(_035_[6]))", '_184_': "((exception_i)&&((exception_i)<=(6'H33)))?(csr_sr_q[4]):(_035_[4])", 'PartAssign_34': "((exception_i)==(2'H2))?(1'Hx):(((exception_i)&&((exception_i)<=(6'H33)))?(csr_sr_q[4]):(_035_[4]))", '_185_': "((exception_i)&&((exception_i)<=(6'H33)))?(csr_sr_q[2]):(_035_[2])", 'PartAssign_35': "((exception_i)==(2'H2))?(1'Hx):(((exception_i)&&((exception_i)<=(6'H33)))?(csr_sr_q[2]):(_035_[2]))", '_186_': "((exception_i)&&((exception_i)<=(6'H33)))?(csr_sr_q[0]):(_035_[0])", 'PartAssign_36': "((exception_i)==(2'H2))?(1'Hx):(((exception_i)&&((exception_i)<=(6'H33)))?(csr_sr_q[0]):(_035_[0]))", '_187_': "((exception_i)==(2'H3))?(1'H1):(csr_sr_q[7])", '_188_': "((exception_i)&&((exception_i)<=(6'H33)))?(((exception_i)==(2'H3))?(1'H1):(csr_sr_q[7])):(1'Hx)", 'PartAssign_37': "((exception_i)==(2'H2))?(1'Hx):(((exception_i)&&((exception_i)<=(6'H33)))?(((exception_i)==(2'H3))?(1'H1):(csr_sr_q[7])):(1'Hx))", '_189_': "((exception_i)==(2'H3))?(csr_sr_q[7]):(csr_sr_q[3])", '_190_': "((exception_i)&&((exception_i)<=(6'H33)))?(((exception_i)==(2'H3))?(csr_sr_q[7]):(csr_sr_q[3])):(1'Hx)", '_104_': "((exception_i)==(2'H2))?(1'Hx):(((exception_i)&&((exception_i)<=(6'H33)))?(((exception_i)==(2'H3))?(csr_sr_q[7]):(csr_sr_q[3])):(1'Hx))", '_192_': "((exception_i)&&(csr_mideleg_q[7]))?(32'Hxxxxxxxx):(((exception_i)==(2'H1))?((_024_)):(((exception_i)==(6'H20))?(32'Hxxxxxxxx):(((exception_i)&&(csr_mideleg_q[7]))?(32'Hxxxxxxxx):(((exception_i)==(2'H1))?(32'Hxxxxxxxx):(((exception_i)==(6'H34))?((exception_pc_i)+(32'D4)):(32'D0))))))", '_191_': "((exception_i)==(2'H3))?(csr_sr_q[8]):(1'H0)", '_193_': "((exception_i)&&((exception_i)<=(6'H33)))?(((exception_i)==(2'H3))?(csr_sr_q[8]):(1'H0)):(1'Hx)", 'PartAssign_38': "((exception_i)==(2'H2))?(1'Hx):(((exception_i)&&((exception_i)<=(6'H33)))?(((exception_i)==(2'H3))?(csr_sr_q[8]):(1'H0)):(1'Hx))", '_194_': "((exception_i)==(2'H3))?(csr_sr_q[5]):(1'H1)", '_195_': "((exception_i)&&((exception_i)<=(6'H33)))?(((exception_i)==(2'H3))?(csr_sr_q[5]):(1'H1)):(1'Hx)", '_032_': "((exception_i)==(2'H2))?(1'Hx):(((exception_i)&&((exception_i)<=(6'H33)))?(((exception_i)==(2'H3))?(csr_sr_q[5]):(1'H1)):(1'Hx))", '_196_': "((exception_i)==(2'H3))?(csr_sr_q[1]):(csr_sr_q[5])", '_197_': "((exception_i)&&((exception_i)<=(6'H33)))?(((exception_i)==(2'H3))?(csr_sr_q[1]):(csr_sr_q[5])):(1'Hx)", '_079_': "((exception_i)==(6'H20))?(32'Hxxxxxxxx):(((exception_i)&&(csr_mideleg_q[7]))?(32'Hxxxxxxxx):(((exception_i)==(2'H1))?((_024_)):(((exception_i)==(6'H20))?(32'Hxxxxxxxx):(((exception_i)&&(csr_mideleg_q[7]))?(32'Hxxxxxxxx):(((exception_i)==(2'H1))?(32'Hxxxxxxxx):(((exception_i)==(6'H34))?((exception_pc_i)+(32'D4)):(32'D0)))))))", '_102_': "((exception_i)==(2'H2))?(1'Hx):(((exception_i)&&((exception_i)<=(6'H33)))?(((exception_i)==(2'H3))?(csr_sr_q[1]):(csr_sr_q[5])):(1'Hx))", '_198_': "((exception_i)&&((exception_i)<=(6'H33)))?(_034_):(_035_)", 'PartAssign_39': "((exception_i)==(2'H2))?(2'Hx):(((exception_i)&&((exception_i)<=(6'H33)))?(_034_):(_035_))", '_199_': "((exception_i)&&((exception_i)<=(6'H33)))?(_033_):(_035_)", 'PartAssign_40': "((exception_i)==(2'H2))?(2'Hx):(((exception_i)&&((exception_i)<=(6'H33)))?(_033_):(_035_))", '_200_': "((exception_i)&&((exception_i)<=(6'H33)))?(((exception_i)==(2'H2))?(1'Hx):(((exception_i)&&((exception_i)<=(6'H33)))?(((exception_i)==(2'H3))?(csr_sr_q[5]):(1'H1)):(1'Hx))):(_035_[5])", 'PartAssign_41': "((exception_i)==(2'H2))?(1'Hx):(((exception_i)&&((exception_i)<=(6'H33)))?(((exception_i)==(2'H2))?(1'Hx):(((exception_i)&&((exception_i)<=(6'H33)))?(((exception_i)==(2'H3))?(csr_sr_q[5]):(1'H1)):(1'Hx))):(_035_[5]))", '_201_': "((exception_i)&&((exception_i)<=(6'H33)))?(((exception_i)==(2'H2))?(1'Hx):(((exception_i)&&((exception_i)<=(6'H33)))?(((exception_i)==(2'H3))?(csr_sr_q[7]):(csr_sr_q[3])):(1'Hx))):(_035_[3])", '_203_': "((exception_i)==(2'H1))?(1'H1):(((exception_i)==(6'H20))?(1'Hx):(((exception_i)&&(csr_mideleg_q[7]))?(1'Hx):(((exception_i)==(2'H1))?(1'Hx):(((exception_i)==(6'H34))?(1'H1):(1'H0)))))", 'PartAssign_42': "((exception_i)==(2'H2))?(1'Hx):(((exception_i)&&((exception_i)<=(6'H33)))?(((exception_i)==(2'H2))?(1'Hx):(((exception_i)&&((exception_i)<=(6'H33)))?(((exception_i)==(2'H3))?(csr_sr_q[7]):(csr_sr_q[3])):(1'Hx))):(_035_[3]))", '_202_': "((exception_i)&&((exception_i)<=(6'H33)))?(((exception_i)==(2'H2))?(1'Hx):(((exception_i)&&((exception_i)<=(6'H33)))?(((exception_i)==(2'H3))?(csr_sr_q[1]):(csr_sr_q[5])):(1'Hx))):(_035_[1])", 'PartAssign_43': "((exception_i)==(2'H2))?(1'Hx):(((exception_i)&&((exception_i)<=(6'H33)))?(((exception_i)==(2'H2))?(1'Hx):(((exception_i)&&((exception_i)<=(6'H33)))?(((exception_i)==(2'H3))?(csr_sr_q[1]):(csr_sr_q[5])):(1'Hx))):(_035_[1]))", '_204_': "((exception_i)&&((exception_i)<=(6'H33)))?((_018_)):(((exception_i)==(2'H2))?(1'Hx):(((exception_i)&&((exception_i)<=(6'H33)))?(1'Hx):(((exception_i)==(2'H2))?(1'Hx):(((exception_i)&&((exception_i)<=(6'H33)))?(1'Hx):(((exception_i)==(2'H1))?((_018_)):(((exception_i)==(2'H2))?(1'Hx):(((exception_i)&&((exception_i)<=(6'H33)))?(1'Hx):(((exception_i)==(2'H1))?(1'Hx):(((csr_waddr_i)==(12'H7c0))?(1'H1):((_018_)))))))))))", '_206_': "((exception_i)&&(csr_mideleg_q[7]))?(1'Hx):(((exception_i)==(2'H1))?(1'H1):(((exception_i)==(6'H20))?(1'Hx):(((exception_i)&&(csr_mideleg_q[7]))?(1'Hx):(((exception_i)==(2'H1))?(1'Hx):(((exception_i)==(6'H34))?(1'H1):(1'H0))))))", '_047_': "((exception_i)==(2'H2))?(1'Hx):(((exception_i)&&((exception_i)<=(6'H33)))?((_018_)):(((exception_i)==(2'H2))?(1'Hx):(((exception_i)&&((exception_i)<=(6'H33)))?(1'Hx):(((exception_i)==(2'H2))?(1'Hx):(((exception_i)&&((exception_i)<=(6'H33)))?(1'Hx):(((exception_i)==(2'H1))?((_018_)):(((exception_i)==(2'H2))?(1'Hx):(((exception_i)&&((exception_i)<=(6'H33)))?(1'Hx):(((exception_i)==(2'H1))?(1'Hx):(((csr_waddr_i)==(12'H7c0))?(1'H1):((_018_))))))))))))", '_205_': "((exception_i)&&((exception_i)<=(6'H33)))?((_020_)):(((exception_i)==(2'H2))?(32'Hxxxxxxxx):(((exception_i)&&((exception_i)<=(6'H33)))?(32'Hxxxxxxxx):(((exception_i)==(2'H2))?(32'Hxxxxxxxx):(((exception_i)&&((exception_i)<=(6'H33)))?(32'Hxxxxxxxx):(((exception_i)==(2'H1))?((_020_)):(((exception_i)==(2'H2))?(32'Hxxxxxxxx):(((exception_i)&&((exception_i)<=(6'H33)))?(32'Hxxxxxxxx):(((exception_i)==(2'H1))?(32'Hxxxxxxxx):(((csr_waddr_i)==(12'H7c0))?(csr_wdata_i):((_020_)))))))))))", '_048_': "((exception_i)==(2'H2))?(32'Hxxxxxxxx):(((exception_i)&&((exception_i)<=(6'H33)))?((_020_)):(((exception_i)==(2'H2))?(32'Hxxxxxxxx):(((exception_i)&&((exception_i)<=(6'H33)))?(32'Hxxxxxxxx):(((exception_i)==(2'H2))?(32'Hxxxxxxxx):(((exception_i)&&((exception_i)<=(6'H33)))?(32'Hxxxxxxxx):(((exception_i)==(2'H1))?((_020_)):(((exception_i)==(2'H2))?(32'Hxxxxxxxx):(((exception_i)&&((exception_i)<=(6'H33)))?(32'Hxxxxxxxx):(((exception_i)==(2'H1))?(32'Hxxxxxxxx):(((csr_waddr_i)==(12'H7c0))?(csr_wdata_i):((_020_))))))))))))", '_207_': "((exception_i)&&((exception_i)<=(6'H33)))?((_016_)):(((exception_i)==(2'H2))?(32'Hxxxxxxxx):(((exception_i)&&((exception_i)<=(6'H33)))?(32'Hxxxxxxxx):(((exception_i)==(2'H2))?(32'Hxxxxxxxx):(((exception_i)&&((exception_i)<=(6'H33)))?(32'Hxxxxxxxx):(((exception_i)==(2'H1))?((_016_)):(((exception_i)==(2'H2))?(32'Hxxxxxxxx):(((exception_i)&&((exception_i)<=(6'H33)))?(32'Hxxxxxxxx):(((exception_i)==(2'H1))?(32'Hxxxxxxxx):(((csr_waddr_i)==(12'H340))?(csr_wdata_i):((_016_)))))))))))", '_046_': "((exception_i)==(2'H2))?(32'Hxxxxxxxx):(((exception_i)&&((exception_i)<=(6'H33)))?((_016_)):(((exception_i)==(2'H2))?(32'Hxxxxxxxx):(((exception_i)&&((exception_i)<=(6'H33)))?(32'Hxxxxxxxx):(((exception_i)==(2'H2))?(32'Hxxxxxxxx):(((exception_i)&&((exception_i)<=(6'H33)))?(32'Hxxxxxxxx):(((exception_i)==(2'H1))?((_016_)):(((exception_i)==(2'H2))?(32'Hxxxxxxxx):(((exception_i)&&((exception_i)<=(6'H33)))?(32'Hxxxxxxxx):(((exception_i)==(2'H1))?(32'Hxxxxxxxx):(((csr_waddr_i)==(12'H340))?(csr_wdata_i):((_016_))))))))))))", '_208_': "((exception_i)&&((exception_i)<=(6'H33)))?((_009_)):(((exception_i)==(2'H2))?(32'Hxxxxxxxx):(((exception_i)&&((exception_i)<=(6'H33)))?(32'Hxxxxxxxx):(((exception_i)==(2'H2))?(32'Hxxxxxxxx):(((exception_i)&&((exception_i)<=(6'H33)))?(32'Hxxxxxxxx):(((exception_i)==(2'H1))?((_009_)):(((exception_i)==(2'H2))?(32'Hxxxxxxxx):(((exception_i)&&((exception_i)<=(6'H33)))?(32'Hxxxxxxxx):(((exception_i)==(2'H1))?(32'Hxxxxxxxx):(_274_)))))))))", '_044_': "((exception_i)==(2'H2))?(32'Hxxxxxxxx):(((exception_i)&&((exception_i)<=(6'H33)))?((_009_)):(((exception_i)==(2'H2))?(32'Hxxxxxxxx):(((exception_i)&&((exception_i)<=(6'H33)))?(32'Hxxxxxxxx):(((exception_i)==(2'H2))?(32'Hxxxxxxxx):(((exception_i)&&((exception_i)<=(6'H33)))?(32'Hxxxxxxxx):(((exception_i)==(2'H1))?((_009_)):(((exception_i)==(2'H2))?(32'Hxxxxxxxx):(((exception_i)&&((exception_i)<=(6'H33)))?(32'Hxxxxxxxx):(((exception_i)==(2'H1))?(32'Hxxxxxxxx):(_274_))))))))))", '_209_': "((exception_i)&&((exception_i)<=(6'H33)))?((_013_)):(((exception_i)==(2'H2))?(32'Hxxxxxxxx):(((exception_i)&&((exception_i)<=(6'H33)))?(32'Hxxxxxxxx):(((exception_i)==(2'H2))?(32'Hxxxxxxxx):(((exception_i)&&((exception_i)<=(6'H33)))?(32'Hxxxxxxxx):(((exception_i)==(2'H1))?((_013_)):(((exception_i)==(2'H2))?(32'Hxxxxxxxx):(((exception_i)&&((exception_i)<=(6'H33)))?(32'Hxxxxxxxx):(((exception_i)==(2'H1))?(32'Hxxxxxxxx):(_279_)))))))))", '_045_': "((exception_i)==(2'H2))?(32'Hxxxxxxxx):(((exception_i)&&((exception_i)<=(6'H33)))?((_013_)):(((exception_i)==(2'H2))?(32'Hxxxxxxxx):(((exception_i)&&((exception_i)<=(6'H33)))?(32'Hxxxxxxxx):(((exception_i)==(2'H2))?(32'Hxxxxxxxx):(((exception_i)&&((exception_i)<=(6'H33)))?(32'Hxxxxxxxx):(((exception_i)==(2'H1))?((_013_)):(((exception_i)==(2'H2))?(32'Hxxxxxxxx):(((exception_i)&&((exception_i)<=(6'H33)))?(32'Hxxxxxxxx):(((exception_i)==(2'H1))?(32'Hxxxxxxxx):(_279_))))))))))", '_210_': "((exception_i)&&((exception_i)<=(6'H33)))?((_024_)):(((exception_i)==(2'H2))?(32'Hxxxxxxxx):(((exception_i)&&((exception_i)<=(6'H33)))?(32'Hxxxxxxxx):(((exception_i)==(2'H2))?(32'Hxxxxxxxx):(((exception_i)&&((exception_i)<=(6'H33)))?(32'Hxxxxxxxx):(((exception_i)==(2'H1))?((_024_)):(((exception_i)==(2'H2))?(32'Hxxxxxxxx):(((exception_i)&&((exception_i)<=(6'H33)))?(32'Hxxxxxxxx):(((exception_i)==(2'H1))?(32'Hxxxxxxxx):(((csr_waddr_i)==(12'H305))?(csr_wdata_i):((_024_)))))))))))", '_078_': "((exception_i)==(6'H20))?(1'Hx):(((exception_i)&&(csr_mideleg_q[7]))?(1'Hx):(((exception_i)==(2'H1))?(1'H1):(((exception_i)==(6'H20))?(1'Hx):(((exception_i)&&(csr_mideleg_q[7]))?(1'Hx):(((exception_i)==(2'H1))?(1'Hx):(((exception_i)==(6'H34))?(1'H1):(1'H0)))))))", '_050_': "((exception_i)==(2'H2))?(32'Hxxxxxxxx):(((exception_i)&&((exception_i)<=(6'H33)))?((_024_)):(((exception_i)==(2'H2))?(32'Hxxxxxxxx):(((exception_i)&&((exception_i)<=(6'H33)))?(32'Hxxxxxxxx):(((exception_i)==(2'H2))?(32'Hxxxxxxxx):(((exception_i)&&((exception_i)<=(6'H33)))?(32'Hxxxxxxxx):(((exception_i)==(2'H1))?((_024_)):(((exception_i)==(2'H2))?(32'Hxxxxxxxx):(((exception_i)&&((exception_i)<=(6'H33)))?(32'Hxxxxxxxx):(((exception_i)==(2'H1))?(32'Hxxxxxxxx):(((csr_waddr_i)==(12'H305))?(csr_wdata_i):((_024_))))))))))))", '_211_': "((exception_i)==(2'H3))?(2'H0):((_026_))", '_212_': "((exception_i)&&((exception_i)<=(6'H33)))?(((exception_i)==(2'H3))?(2'H0):((_026_))):(2'Hx)", '_034_': "((exception_i)==(2'H2))?(2'Hx):(((exception_i)&&((exception_i)<=(6'H33)))?(((exception_i)==(2'H3))?(2'H0):((_026_))):(2'Hx))", '_213_': "((exception_i)&&((exception_i)<=(6'H33)))?((_022_)):(((exception_i)==(2'H2))?(32'Hxxxxxxxx):(((exception_i)&&((exception_i)<=(6'H33)))?(32'Hxxxxxxxx):(((exception_i)==(2'H2))?(32'Hxxxxxxxx):(((exception_i)&&((exception_i)<=(6'H33)))?(32'Hxxxxxxxx):(((exception_i)==(2'H1))?(_094_):(((exception_i)==(2'H2))?(32'Hxxxxxxxx):(((exception_i)&&((exception_i)<=(6'H33)))?(32'Hxxxxxxxx):(((exception_i)==(2'H1))?(32'Hxxxxxxxx):(((csr_waddr_i)==(12'H343))?(csr_wdata_i):((_022_)))))))))))", '_062_': "((exception_i)==(2'H2))?(32'Hxxxxxxxx):(((exception_i)&&((exception_i)<=(6'H33)))?((_022_)):(((exception_i)==(2'H2))?(32'Hxxxxxxxx):(((exception_i)&&((exception_i)<=(6'H33)))?(32'Hxxxxxxxx):(((exception_i)==(2'H2))?(32'Hxxxxxxxx):(((exception_i)&&((exception_i)<=(6'H33)))?(32'Hxxxxxxxx):(((exception_i)==(2'H1))?(_094_):(((exception_i)==(2'H2))?(32'Hxxxxxxxx):(((exception_i)&&((exception_i)<=(6'H33)))?(32'Hxxxxxxxx):(((exception_i)==(2'H1))?(32'Hxxxxxxxx):(((csr_waddr_i)==(12'H343))?(csr_wdata_i):((_022_))))))))))))", '_214_': "((exception_i)&&((exception_i)<=(6'H33)))?((_002_)):(((exception_i)==(2'H2))?(32'Hxxxxxxxx):(((exception_i)&&((exception_i)<=(6'H33)))?(32'Hxxxxxxxx):(((exception_i)==(2'H2))?(32'Hxxxxxxxx):(((exception_i)&&((exception_i)<=(6'H33)))?(32'Hxxxxxxxx):(((exception_i)==(2'H1))?(3'Hx):(((exception_i)==(2'H2))?(32'Hxxxxxxxx):(((exception_i)&&((exception_i)<=(6'H33)))?(32'Hxxxxxxxx):(((exception_i)==(2'H1))?(32'Hxxxxxxxx):(((csr_waddr_i)==(12'H342))?(32'Hxxxxxxxx):((_002_)))))))))))", '_092_': "((exception_i)==(2'H2))?(32'Hxxxxxxxx):(((exception_i)&&((exception_i)<=(6'H33)))?((_002_)):(((exception_i)==(2'H2))?(32'Hxxxxxxxx):(((exception_i)&&((exception_i)<=(6'H33)))?(32'Hxxxxxxxx):(((exception_i)==(2'H2))?(32'Hxxxxxxxx):(((exception_i)&&((exception_i)<=(6'H33)))?(32'Hxxxxxxxx):(((exception_i)==(2'H1))?(3'Hx):(((exception_i)==(2'H2))?(32'Hxxxxxxxx):(((exception_i)&&((exception_i)<=(6'H33)))?(32'Hxxxxxxxx):(((exception_i)==(2'H1))?(32'Hxxxxxxxx):(((csr_waddr_i)==(12'H342))?(32'Hxxxxxxxx):((_002_))))))))))))", '_215_': "((exception_i)&&((exception_i)<=(6'H33)))?((_007_)):(((exception_i)==(2'H2))?(32'Hxxxxxxxx):(((exception_i)&&((exception_i)<=(6'H33)))?(32'Hxxxxxxxx):(((exception_i)==(2'H2))?(32'Hxxxxxxxx):(((exception_i)&&((exception_i)<=(6'H33)))?(32'Hxxxxxxxx):(((exception_i)==(2'H1))?(exception_pc_i):(((exception_i)==(2'H2))?(32'Hxxxxxxxx):(((exception_i)&&((exception_i)<=(6'H33)))?(32'Hxxxxxxxx):(((exception_i)==(2'H1))?(32'Hxxxxxxxx):(((csr_waddr_i)==(12'H341))?(csr_wdata_i):((_007_)))))))))))", '_055_': "((exception_i)==(2'H2))?(32'Hxxxxxxxx):(((exception_i)&&((exception_i)<=(6'H33)))?((_007_)):(((exception_i)==(2'H2))?(32'Hxxxxxxxx):(((exception_i)&&((exception_i)<=(6'H33)))?(32'Hxxxxxxxx):(((exception_i)==(2'H2))?(32'Hxxxxxxxx):(((exception_i)&&((exception_i)<=(6'H33)))?(32'Hxxxxxxxx):(((exception_i)==(2'H1))?(exception_pc_i):(((exception_i)==(2'H2))?(32'Hxxxxxxxx):(((exception_i)&&((exception_i)<=(6'H33)))?(32'Hxxxxxxxx):(((exception_i)==(2'H1))?(32'Hxxxxxxxx):(((csr_waddr_i)==(12'H341))?(csr_wdata_i):((_007_))))))))))))", 'PartAssign_44': "((exception_i)==(2'H2))?((_026_)):(_099_)", 'PartAssign_45': "((exception_i)==(2'H2))?((_026_)):(_099_)", 'PartAssign_46': "((exception_i)==(2'H2))?(csr_sr_q[6]):(_099_[6])", 'PartAssign_47': "((exception_i)==(2'H2))?(csr_sr_q[4]):(_099_[4])", 'PartAssign_48': "((exception_i)==(2'H2))?(csr_sr_q[2]):(_099_[2])", 'PartAssign_49': "((exception_i)==(2'H2))?(csr_sr_q[0]):(_099_[0])", '_216_': "((exception_i)&&(csr_mideleg_q[7]))?(32'Hxxxxxxxx):(((exception_i)==(6'H20))?(32'Hxxxxxxxx):(((exception_i)&&(csr_mideleg_q[7]))?(32'Hxxxxxxxx):(((exception_i)==(2'H1))?((_024_)):(((exception_i)==(6'H20))?(32'Hxxxxxxxx):(((exception_i)&&(csr_mideleg_q[7]))?(32'Hxxxxxxxx):(((exception_i)==(2'H1))?(32'Hxxxxxxxx):(((exception_i)==(6'H34))?((exception_pc_i)+(32'D4)):(32'D0))))))))", '_217_': "(irq_masked_r[11])?(32'D2147483659):((_002_))", '_218_': "(irq_masked_r[7])?(32'Hxxxxxxxx):((irq_masked_r[11])?(32'D2147483659):((_002_)))", '_219_': "(irq_masked_r[3])?(32'Hxxxxxxxx):((irq_masked_r[7])?(32'Hxxxxxxxx):((irq_masked_r[11])?(32'D2147483659):((_002_))))", '_220_': "((exception_i)==(2'H3))?((irq_masked_r[3])?(32'Hxxxxxxxx):((irq_masked_r[7])?(32'Hxxxxxxxx):((irq_masked_r[11])?(32'D2147483659):((_002_))))):(32'Hxxxxxxxx)", '_080_': "((exception_i)==(2'H2))?(((exception_i)==(2'H3))?((irq_masked_r[3])?(32'Hxxxxxxxx):((irq_masked_r[7])?(32'Hxxxxxxxx):((irq_masked_r[11])?(32'D2147483659):((_002_))))):(32'Hxxxxxxxx)):(32'Hxxxxxxxx)", '_221_': "(irq_masked_r[7])?(32'D2147483655):(((exception_i)==(2'H2))?(((exception_i)==(2'H3))?((irq_masked_r[3])?(32'Hxxxxxxxx):((irq_masked_r[7])?(32'Hxxxxxxxx):((irq_masked_r[11])?(32'D2147483659):((_002_))))):(32'Hxxxxxxxx)):(32'Hxxxxxxxx))", '_066_': "((exception_i)==(6'H20))?(32'Hxxxxxxxx):(((exception_i)&&(csr_mideleg_q[7]))?(32'Hxxxxxxxx):(((exception_i)==(6'H20))?(32'Hxxxxxxxx):(((exception_i)&&(csr_mideleg_q[7]))?(32'Hxxxxxxxx):(((exception_i)==(2'H1))?((_024_)):(((exception_i)==(6'H20))?(32'Hxxxxxxxx):(((exception_i)&&(csr_mideleg_q[7]))?(32'Hxxxxxxxx):(((exception_i)==(2'H1))?(32'Hxxxxxxxx):(((exception_i)==(6'H34))?((exception_pc_i)+(32'D4)):(32'D0)))))))))", '_222_': "(irq_masked_r[3])?(32'Hxxxxxxxx):((irq_masked_r[7])?(32'D2147483655):(((exception_i)==(2'H2))?(((exception_i)==(2'H3))?((irq_masked_r[3])?(32'Hxxxxxxxx):((irq_masked_r[7])?(32'Hxxxxxxxx):((irq_masked_r[11])?(32'D2147483659):((_002_))))):(32'Hxxxxxxxx)):(32'Hxxxxxxxx)))", '_223_': "((exception_i)==(2'H3))?((irq_masked_r[3])?(32'Hxxxxxxxx):((irq_masked_r[7])?(32'D2147483655):(((exception_i)==(2'H2))?(((exception_i)==(2'H3))?((irq_masked_r[3])?(32'Hxxxxxxxx):((irq_masked_r[7])?(32'Hxxxxxxxx):((irq_masked_r[11])?(32'D2147483659):((_002_))))):(32'Hxxxxxxxx)):(32'Hxxxxxxxx)))):(32'Hxxxxxxxx)", '_067_': "((exception_i)==(2'H2))?(((exception_i)==(2'H3))?((irq_masked_r[3])?(32'Hxxxxxxxx):((irq_masked_r[7])?(32'D2147483655):(((exception_i)==(2'H2))?(((exception_i)==(2'H3))?((irq_masked_r[3])?(32'Hxxxxxxxx):((irq_masked_r[7])?(32'Hxxxxxxxx):((irq_masked_r[11])?(32'D2147483659):((_002_))))):(32'Hxxxxxxxx)):(32'Hxxxxxxxx)))):(32'Hxxxxxxxx)):(32'Hxxxxxxxx)", '_224_': "(irq_masked_r[3])?(32'D2147483651):(((exception_i)==(2'H2))?(((exception_i)==(2'H3))?((irq_masked_r[3])?(32'Hxxxxxxxx):((irq_masked_r[7])?(32'D2147483655):(((exception_i)==(2'H2))?(((exception_i)==(2'H3))?((irq_masked_r[3])?(32'Hxxxxxxxx):((irq_masked_r[7])?(32'Hxxxxxxxx):((irq_masked_r[11])?(32'D2147483659):((_002_))))):(32'Hxxxxxxxx)):(32'Hxxxxxxxx)))):(32'Hxxxxxxxx)):(32'Hxxxxxxxx))", '_225_': "((exception_i)==(2'H3))?((irq_masked_r[3])?(32'D2147483651):(((exception_i)==(2'H2))?(((exception_i)==(2'H3))?((irq_masked_r[3])?(32'Hxxxxxxxx):((irq_masked_r[7])?(32'D2147483655):(((exception_i)==(2'H2))?(((exception_i)==(2'H3))?((irq_masked_r[3])?(32'Hxxxxxxxx):((irq_masked_r[7])?(32'Hxxxxxxxx):((irq_masked_r[11])?(32'D2147483659):((_002_))))):(32'Hxxxxxxxx)):(32'Hxxxxxxxx)))):(32'Hxxxxxxxx)):(32'Hxxxxxxxx))):(32'Hxxxxxxxx)", '_054_': "((exception_i)==(2'H2))?(((exception_i)==(2'H3))?((irq_masked_r[3])?(32'D2147483651):(((exception_i)==(2'H2))?(((exception_i)==(2'H3))?((irq_masked_r[3])?(32'Hxxxxxxxx):((irq_masked_r[7])?(32'D2147483655):(((exception_i)==(2'H2))?(((exception_i)==(2'H3))?((irq_masked_r[3])?(32'Hxxxxxxxx):((irq_masked_r[7])?(32'Hxxxxxxxx):((irq_masked_r[11])?(32'D2147483659):((_002_))))):(32'Hxxxxxxxx)):(32'Hxxxxxxxx)))):(32'Hxxxxxxxx)):(32'Hxxxxxxxx))):(32'Hxxxxxxxx)):(32'Hxxxxxxxx)", '_226_': "((exception_i)==(2'H3))?(((exception_i)==(2'H2))?(((exception_i)==(2'H3))?((irq_masked_r[3])?(32'D2147483651):(((exception_i)==(2'H2))?(((exception_i)==(2'H3))?((irq_masked_r[3])?(32'Hxxxxxxxx):((irq_masked_r[7])?(32'D2147483655):(((exception_i)==(2'H2))?(((exception_i)==(2'H3))?((irq_masked_r[3])?(32'Hxxxxxxxx):((irq_masked_r[7])?(32'Hxxxxxxxx):((irq_masked_r[11])?(32'D2147483659):((_002_))))):(32'Hxxxxxxxx)):(32'Hxxxxxxxx)))):(32'Hxxxxxxxx)):(32'Hxxxxxxxx))):(32'Hxxxxxxxx)):(32'Hxxxxxxxx)):((_002_))", '_042_': "((exception_i)==(2'H2))?(((exception_i)==(2'H3))?(((exception_i)==(2'H2))?(((exception_i)==(2'H3))?((irq_masked_r[3])?(32'D2147483651):(((exception_i)==(2'H2))?(((exception_i)==(2'H3))?((irq_masked_r[3])?(32'Hxxxxxxxx):((irq_masked_r[7])?(32'D2147483655):(((exception_i)==(2'H2))?(((exception_i)==(2'H3))?((irq_masked_r[3])?(32'Hxxxxxxxx):((irq_masked_r[7])?(32'Hxxxxxxxx):((irq_masked_r[11])?(32'D2147483659):((_002_))))):(32'Hxxxxxxxx)):(32'Hxxxxxxxx)))):(32'Hxxxxxxxx)):(32'Hxxxxxxxx))):(32'Hxxxxxxxx)):(32'Hxxxxxxxx)):((_002_))):(32'Hxxxxxxxx)", '_227_': "((exception_i)==(2'H3))?(32'D0):((_022_))", '_049_': "((exception_i)==(2'H2))?(((exception_i)==(2'H3))?(32'D0):((_022_))):(32'Hxxxxxxxx)", '_228_': "((exception_i)==(2'H3))?(exception_pc_i):((_007_))", '_043_': "((exception_i)==(2'H2))?(((exception_i)==(2'H3))?(exception_pc_i):((_007_))):(32'Hxxxxxxxx)", '_229_': "((exception_i)==(2'H3))?(1'H0):(csr_sr_q[3])", '_064_': "((exception_i)==(2'H2))?(((exception_i)==(2'H3))?(1'H0):(csr_sr_q[3])):(1'Hx)", '_230_': "((exception_i)==(2'H3))?((2'H3)):((_026_))", '_095_': "((exception_i)==(2'H2))?(((exception_i)==(2'H3))?((2'H3)):((_026_))):(2'Hx)", '_231_': "((exception_i)==(2'H3))?(csr_sr_q[3]):(csr_sr_q[7])", 'PartAssign_50': "((exception_i)==(2'H2))?(((exception_i)==(2'H3))?(csr_sr_q[3]):(csr_sr_q[7])):(1'Hx)", '_232_': "((exception_i)&&(csr_mideleg_q[7]))?(1'Hx):(((exception_i)==(6'H20))?(1'Hx):(((exception_i)&&(csr_mideleg_q[7]))?(1'Hx):(((exception_i)==(2'H1))?(1'H1):(((exception_i)==(6'H20))?(1'Hx):(((exception_i)&&(csr_mideleg_q[7]))?(1'Hx):(((exception_i)==(2'H1))?(1'Hx):(((exception_i)==(6'H34))?(1'H1):(1'H0))))))))", '_233_': "((exception_i)==(2'H3))?(csr_sr_q[8]):((exception_i)==(2'H1))", 'PartAssign_51': "((exception_i)==(2'H2))?(((exception_i)==(2'H3))?(csr_sr_q[8]):((exception_i)==(2'H1))):(1'Hx)", '_234_': "((exception_i)==(2'H3))?(csr_sr_q[5]):(csr_sr_q[1])", '_077_': "((exception_i)==(2'H2))?(((exception_i)==(2'H3))?(csr_sr_q[5]):(csr_sr_q[1])):(1'Hx)", '_235_': "((exception_i)==(2'H3))?(csr_sr_q[1]):(1'H0)", '_065_': "((exception_i)==(6'H20))?(1'Hx):(((exception_i)&&(csr_mideleg_q[7]))?(1'Hx):(((exception_i)==(6'H20))?(1'Hx):(((exception_i)&&(csr_mideleg_q[7]))?(1'Hx):(((exception_i)==(2'H1))?(1'H1):(((exception_i)==(6'H20))?(1'Hx):(((exception_i)&&(csr_mideleg_q[7]))?(1'Hx):(((exception_i)==(2'H1))?(1'Hx):(((exception_i)==(6'H34))?(1'H1):(1'H0)))))))))", '_051_': "((exception_i)==(2'H2))?(((exception_i)==(2'H3))?(csr_sr_q[1]):(1'H0)):(1'Hx)", 'PartAssign_52': "((exception_i)==(2'H2))?(((exception_i)==(2'H2))?(((exception_i)==(2'H3))?((2'H3)):((_026_))):(2'Hx)):(_099_)", 'PartAssign_53': "((exception_i)==(2'H2))?(_089_):(_099_)", 'PartAssign_54': "((exception_i)==(2'H2))?(((exception_i)==(2'H2))?(((exception_i)==(2'H3))?(csr_sr_q[5]):(csr_sr_q[1])):(1'Hx)):(_099_[5])", 'PartAssign_55': "((exception_i)==(2'H2))?(((exception_i)==(2'H2))?(((exception_i)==(2'H3))?(1'H0):(csr_sr_q[3])):(1'Hx)):(_099_[3])", 'PartAssign_56': "((exception_i)==(2'H2))?(((exception_i)==(2'H2))?(((exception_i)==(2'H3))?(csr_sr_q[1]):(1'H0)):(1'Hx)):(_099_[1])", '_023_': "((exception_i)==(2'H2))?(((exception_i)==(2'H2))?(((exception_i)==(2'H3))?(32'D0):((_022_))):(32'Hxxxxxxxx)):(((exception_i)==(2'H2))?(32'Hxxxxxxxx):(((exception_i)&&((exception_i)<=(6'H33)))?((_022_)):(((exception_i)==(2'H2))?(32'Hxxxxxxxx):(((exception_i)&&((exception_i)<=(6'H33)))?(32'Hxxxxxxxx):(((exception_i)==(2'H2))?(32'Hxxxxxxxx):(((exception_i)&&((exception_i)<=(6'H33)))?(32'Hxxxxxxxx):(((exception_i)==(2'H1))?(_094_):(((exception_i)==(2'H2))?(32'Hxxxxxxxx):(((exception_i)&&((exception_i)<=(6'H33)))?(32'Hxxxxxxxx):(((exception_i)==(2'H1))?(32'Hxxxxxxxx):(((csr_waddr_i)==(12'H343))?(csr_wdata_i):((_022_)))))))))))))", '_003_': "((exception_i)==(2'H2))?(((exception_i)==(2'H2))?(((exception_i)==(2'H3))?(((exception_i)==(2'H2))?(((exception_i)==(2'H3))?((irq_masked_r[3])?(32'D2147483651):(((exception_i)==(2'H2))?(((exception_i)==(2'H3))?((irq_masked_r[3])?(32'Hxxxxxxxx):((irq_masked_r[7])?(32'D2147483655):(((exception_i)==(2'H2))?(((exception_i)==(2'H3))?((irq_masked_r[3])?(32'Hxxxxxxxx):((irq_masked_r[7])?(32'Hxxxxxxxx):((irq_masked_r[11])?(32'D2147483659):((_002_))))):(32'Hxxxxxxxx)):(32'Hxxxxxxxx)))):(32'Hxxxxxxxx)):(32'Hxxxxxxxx))):(32'Hxxxxxxxx)):(32'Hxxxxxxxx)):((_002_))):(32'Hxxxxxxxx)):(((exception_i)==(2'H2))?(32'Hxxxxxxxx):(((exception_i)&&((exception_i)<=(6'H33)))?((_002_)):(((exception_i)==(2'H2))?(32'Hxxxxxxxx):(((exception_i)&&((exception_i)<=(6'H33)))?(32'Hxxxxxxxx):(((exception_i)==(2'H2))?(32'Hxxxxxxxx):(((exception_i)&&((exception_i)<=(6'H33)))?(32'Hxxxxxxxx):(((exception_i)==(2'H1))?(3'Hx):(((exception_i)==(2'H2))?(32'Hxxxxxxxx):(((exception_i)&&((exception_i)<=(6'H33)))?(32'Hxxxxxxxx):(((exception_i)==(2'H1))?(32'Hxxxxxxxx):(((csr_waddr_i)==(12'H342))?(32'Hxxxxxxxx):((_002_)))))))))))))", '_008_': "((exception_i)==(2'H2))?(((exception_i)==(2'H2))?(((exception_i)==(2'H3))?(exception_pc_i):((_007_))):(32'Hxxxxxxxx)):(((exception_i)==(2'H2))?(32'Hxxxxxxxx):(((exception_i)&&((exception_i)<=(6'H33)))?((_007_)):(((exception_i)==(2'H2))?(32'Hxxxxxxxx):(((exception_i)&&((exception_i)<=(6'H33)))?(32'Hxxxxxxxx):(((exception_i)==(2'H2))?(32'Hxxxxxxxx):(((exception_i)&&((exception_i)<=(6'H33)))?(32'Hxxxxxxxx):(((exception_i)==(2'H1))?(exception_pc_i):(((exception_i)==(2'H2))?(32'Hxxxxxxxx):(((exception_i)&&((exception_i)<=(6'H33)))?(32'Hxxxxxxxx):(((exception_i)==(2'H1))?(32'Hxxxxxxxx):(((csr_waddr_i)==(12'H341))?(csr_wdata_i):((_007_)))))))))))))", '_236_': "((exception_i)==(2'H3))?((_007_)):((32'D0))", '_039_': "((exception_i)==(2'H2))?((_018_)):(((exception_i)==(2'H2))?(1'Hx):(((exception_i)&&((exception_i)<=(6'H33)))?((_018_)):(((exception_i)==(2'H2))?(1'Hx):(((exception_i)&&((exception_i)<=(6'H33)))?(1'Hx):(((exception_i)==(2'H2))?(1'Hx):(((exception_i)&&((exception_i)<=(6'H33)))?(1'Hx):(((exception_i)==(2'H1))?((_018_)):(((exception_i)==(2'H2))?(1'Hx):(((exception_i)&&((exception_i)<=(6'H33)))?(1'Hx):(((exception_i)==(2'H1))?(1'Hx):(((csr_waddr_i)==(12'H7c0))?(1'H1):((_018_)))))))))))))", '_021_': "((exception_i)==(2'H2))?((_020_)):(((exception_i)==(2'H2))?(32'Hxxxxxxxx):(((exception_i)&&((exception_i)<=(6'H33)))?((_020_)):(((exception_i)==(2'H2))?(32'Hxxxxxxxx):(((exception_i)&&((exception_i)<=(6'H33)))?(32'Hxxxxxxxx):(((exception_i)==(2'H2))?(32'Hxxxxxxxx):(((exception_i)&&((exception_i)<=(6'H33)))?(32'Hxxxxxxxx):(((exception_i)==(2'H1))?((_020_)):(((exception_i)==(2'H2))?(32'Hxxxxxxxx):(((exception_i)&&((exception_i)<=(6'H33)))?(32'Hxxxxxxxx):(((exception_i)==(2'H1))?(32'Hxxxxxxxx):(((csr_waddr_i)==(12'H7c0))?(csr_wdata_i):((_020_)))))))))))))", '_237_': "((exception_i)&&(csr_mideleg_q[7]))?(((exception_i)==(2'H3))?((_007_)):((32'D0))):(32'Hxxxxxxxx)", '_017_': "((exception_i)==(2'H2))?((_016_)):(((exception_i)==(2'H2))?(32'Hxxxxxxxx):(((exception_i)&&((exception_i)<=(6'H33)))?((_016_)):(((exception_i)==(2'H2))?(32'Hxxxxxxxx):(((exception_i)&&((exception_i)<=(6'H33)))?(32'Hxxxxxxxx):(((exception_i)==(2'H2))?(32'Hxxxxxxxx):(((exception_i)&&((exception_i)<=(6'H33)))?(32'Hxxxxxxxx):(((exception_i)==(2'H1))?((_016_)):(((exception_i)==(2'H2))?(32'Hxxxxxxxx):(((exception_i)&&((exception_i)<=(6'H33)))?(32'Hxxxxxxxx):(((exception_i)==(2'H1))?(32'Hxxxxxxxx):(((csr_waddr_i)==(12'H340))?(csr_wdata_i):((_016_)))))))))))))", '_010_': "((exception_i)==(2'H2))?((_009_)):(((exception_i)==(2'H2))?(32'Hxxxxxxxx):(((exception_i)&&((exception_i)<=(6'H33)))?((_009_)):(((exception_i)==(2'H2))?(32'Hxxxxxxxx):(((exception_i)&&((exception_i)<=(6'H33)))?(32'Hxxxxxxxx):(((exception_i)==(2'H2))?(32'Hxxxxxxxx):(((exception_i)&&((exception_i)<=(6'H33)))?(32'Hxxxxxxxx):(((exception_i)==(2'H1))?((_009_)):(((exception_i)==(2'H2))?(32'Hxxxxxxxx):(((exception_i)&&((exception_i)<=(6'H33)))?(32'Hxxxxxxxx):(((exception_i)==(2'H1))?(32'Hxxxxxxxx):(_274_)))))))))))", '_038_': "((exception_i)==(2'H2))?((_013_)):(((exception_i)==(2'H2))?(32'Hxxxxxxxx):(((exception_i)&&((exception_i)<=(6'H33)))?((_013_)):(((exception_i)==(2'H2))?(32'Hxxxxxxxx):(((exception_i)&&((exception_i)<=(6'H33)))?(32'Hxxxxxxxx):(((exception_i)==(2'H2))?(32'Hxxxxxxxx):(((exception_i)&&((exception_i)<=(6'H33)))?(32'Hxxxxxxxx):(((exception_i)==(2'H1))?((_013_)):(((exception_i)==(2'H2))?(32'Hxxxxxxxx):(((exception_i)&&((exception_i)<=(6'H33)))?(32'Hxxxxxxxx):(((exception_i)==(2'H1))?(32'Hxxxxxxxx):(_279_)))))))))))", '_025_': "((exception_i)==(2'H2))?((_024_)):(((exception_i)==(2'H2))?(32'Hxxxxxxxx):(((exception_i)&&((exception_i)<=(6'H33)))?((_024_)):(((exception_i)==(2'H2))?(32'Hxxxxxxxx):(((exception_i)&&((exception_i)<=(6'H33)))?(32'Hxxxxxxxx):(((exception_i)==(2'H2))?(32'Hxxxxxxxx):(((exception_i)&&((exception_i)<=(6'H33)))?(32'Hxxxxxxxx):(((exception_i)==(2'H1))?((_024_)):(((exception_i)==(2'H2))?(32'Hxxxxxxxx):(((exception_i)&&((exception_i)<=(6'H33)))?(32'Hxxxxxxxx):(((exception_i)==(2'H1))?(32'Hxxxxxxxx):(((csr_waddr_i)==(12'H305))?(csr_wdata_i):((_024_)))))))))))))", '_053_': "((exception_i)==(6'H20))?(32'Hxxxxxxxx):(((exception_i)&&(csr_mideleg_q[7]))?(((exception_i)==(2'H3))?((_007_)):((32'D0))):(32'Hxxxxxxxx))", '_429_$func$./test.v:816$6.b': "(64'Hxxxxxxxxxxxxxxxx)", '_429_$func$./test.v:816$6.s': "(2'Hx)", '_604_$func$./test.v:1029$7.b': "(416'Hxxxxxxxxxxxxxxxxxxxxxxxxxxxxxxxxxxxxxxxxxxxxxxxxxxxxxxxxxxxxxxxxxxxxxxxxxxxxxxxxxxxxxxxxxxxxxxxxxxxxxxxx)", '_604_$func$./test.v:1029$7.s': "(13'Hxxxx)", '_673_$func$./test.v:1114$8.a': "(32'Hxxxxxxxx)", '_673_$func$./test.v:1114$8.b': "(64'Hxxxxxxxxxxxxxxxx)", '_673_$func$./test.v:1114$8.s': "(2'Hx)", '_679_$func$./test.v:1136$9.a': "(32'Hxxxxxxxx)", '_679_$func$./test.v:1136$9.b': "(64'Hxxxxxxxxxxxxxxxx)", '_679_$func$./test.v:1136$9.s': "(2'Hx)", '_690_$func$./test.v:1163$10.a': "(32'Hxxxxxxxx)", '_690_$func$./test.v:1163$10.b': "(64'Hxxxxxxxxxxxxxxxx)", '_690_$func$./test.v:1163$10.s': "(2'Hx)", 'csr_branch_o': '((_000_))', 'csr_rdata_o': '((_031_))', 'csr_target_o': '((_001_))', 'exception_s_w': "(1'H0)", 'interrupt_o': '((_028_))', 'priv_o': "((2'H3))", 'satp_o': "((32'D0))", 'status_o': '((_026_))'}
