32'D1
32'D1
32'D4
12'H7c0
12'H301
12'Hf14
12'Hc81
12'Hc00
12'Hc01
12'H304
12'H344
12'H300
12'H343
12'H342
12'H305
12'H341
12'H340
12'H340
12'H7c0
12'H7c0
12'H104
12'H304
12'H144
12'H344
12'H305
12'H100
12'H300
12'H343
12'H342
12'H341
12'H344
12'H144
12'H344
12'H144
12'H344
12'H144
2'H1
2'H2
2'H3
2'H1
2'H3
32'D4294967295
6'H20
2'H3
2'H3
6'H34
6'H12
6'H14
6'H15
6'H16
6'H17
6'H1d
6'H1f
6'H10
6'H11
6'H1c
6'H30
6'H30
6'H33
6'H33
32'D1
1'H0
1'H0
2'H0
2'H0
13'H0
9'H0
2'H0
2'H0
1'H0
1'H0
1'H0
22'H0
3'H0
3'H0
1'H0
1'H0
1'H0
1'H0
22'H0
3'H0
3'H0
1'H0
2'H3
32'D0
32'D0
32'D0
32'D0
2'H3
2'B?1
2'B1?
2'B?1
2'B1?
20'H0
1'H0
1'H0
1'H0
1'H0
1'H0
1'H0
2'B?1
2'B1?
20'H0
1'H0
1'H0
1'H0
1'H0
1'H0
1'H0
13'B????????????1
13'B???????????1?
13'B??????????1??
13'B?????????1???
13'B????????1????
13'B???????1?????
13'B??????1??????
13'B?????1???????
13'B????1????????
13'B???1?????????
13'B??1??????????
13'B?1???????????
13'B1????????????
32'D0
20'H0
1'H0
1'H0
1'H0
1'H0
1'H0
21'H0
1'H0
1'H0
1'H0
1'H0
1'H0
1'H0
27'H0
2'B?1
2'B1?
32'D0
1'H0
1'H1
1'H0
2'H3
1'H1
1'Hx
1'Hx
32'Hxxxxxxxx
1'Hx
1'H1
32'D0
1'H0
32'D0
32'D0
32'D0
32'D0
32'D0
32'D0
32'D0
32'D0
32'D0
32'D0
32'D0
1'Hx
1'Hx
1'H0
1'H1
1'H1
1'H1
1'H1
32'Hxxxxxxxx
32'Hxxxxxxxx
32'Hxxxxxxxx
1'H1
1'Hx
1'Hx
1'Hx
32'Hxxxxxxxx
32'Hxxxxxxxx
32'Hxxxxxxxx
32'Hxxxxxxxx
32'Hxxxxxxxx
32'Hxxxxxxxx
32'Hxxxxxxxx
32'Hxxxxxxxx
32'Hxxxxxxxx
32'Hxxxxxxxx
32'Hxxxxxxxx
32'Hxxxxxxxx
32'Hxxxxxxxx
32'Hxxxxxxxx
32'Hxxxxxxxx
32'Hxxxxxxxx
32'Hxxxxxxxx
32'Hxxxxxxxx
27'H0
32'Hxxxxxxxx
32'Hxxxxxxxx
32'Hxxxxxxxx
32'Hxxxxxxxx
32'Hxxxxxxxx
32'Hxxxxxxxx
19'Hxxxxx
19'Hxxxxx
3'Hx
3'Hx
3'Hx
3'Hx
3'Hx
3'Hx
28'H0
32'Hxxxxxxxx
32'Hxxxxxxxx
32'Hxxxxxxxx
32'Hxxxxxxxx
32'Hxxxxxxxx
32'Hxxxxxxxx
1'H0
1'Hx
1'Hx
2'Hx
2'Hx
1'Hx
1'Hx
1'Hx
1'Hx
32'Hxxxxxxxx
32'Hxxxxxxxx
32'D0
32'Hxxxxxxxx
32'Hxxxxxxxx
32'D0
32'D0
32'Hxxxxxxxx
32'Hxxxxxxxx
32'Hxxxxxxxx
32'Hxxxxxxxx
32'Hxxxxxxxx
32'Hxxxxxxxx
32'Hxxxxxxxx
32'Hxxxxxxxx
32'Hxxxxxxxx
32'Hxxxxxxxx
23'Hxxxxxx
23'Hxxxxxx
2'Hx
2'Hx
3'Hx
32'Hxxxxxxxx
3'Hx
1'Hx
1'Hx
32'Hxxxxxxxx
1'Hx
1'Hx
1'H1
1'H0
1'Hx
1'Hx
1'Hx
1'Hx
1'Hx
1'Hx
1'Hx
32'Hxxxxxxxx
32'Hxxxxxxxx
32'Hxxxxxxxx
32'Hxxxxxxxx
1'Hx
32'Hxxxxxxxx
32'Hxxxxxxxx
32'Hxxxxxxxx
32'Hxxxxxxxx
32'Hxxxxxxxx
32'Hxxxxxxxx
1'Hx
32'Hxxxxxxxx
32'Hxxxxxxxx
32'Hxxxxxxxx
32'Hxxxxxxxx
32'Hxxxxxxxx
32'Hxxxxxxxx
19'Hxxxxx
2'Hx
1'Hx
1'Hx
1'Hx
1'Hx
1'H1
1'Hx
1'Hx
1'Hx
1'Hx
32'Hxxxxxxxx
1'H0
1'Hx
1'Hx
1'H1
1'Hx
1'Hx
1'Hx
32'Hxxxxxxxx
1'Hx
2'Hx
2'Hx
1'Hx
1'H1
1'Hx
1'Hx
1'Hx
1'Hx
32'Hxxxxxxxx
32'Hxxxxxxxx
32'Hxxxxxxxx
32'Hxxxxxxxx
1'Hx
32'Hxxxxxxxx
2'H0
2'Hx
2'Hx
32'Hxxxxxxxx
32'Hxxxxxxxx
32'Hxxxxxxxx
32'Hxxxxxxxx
32'D2147483659
32'Hxxxxxxxx
32'Hxxxxxxxx
32'Hxxxxxxxx
32'Hxxxxxxxx
32'D2147483655
32'Hxxxxxxxx
32'Hxxxxxxxx
32'Hxxxxxxxx
32'Hxxxxxxxx
32'D2147483651
32'Hxxxxxxxx
32'Hxxxxxxxx
32'Hxxxxxxxx
32'D0
32'Hxxxxxxxx
32'Hxxxxxxxx
1'H0
1'Hx
2'Hx
1'Hx
1'Hx
1'Hx
1'Hx
1'H0
1'Hx
1'Hx
32'Hxxxxxxxx
32'Hxxxxxxxx
64'Hxxxxxxxxxxxxxxxx
2'Hx
416'Hxxxxxxxxxxxxxxxxxxxxxxxxxxxxxxxxxxxxxxxxxxxxxxxxxxxxxxxxxxxxxxxxxxxxxxxxxxxxxxxxxxxxxxxxxxxxxxxxxxxxxxxx
13'Hxxxx
32'Hxxxxxxxx
64'Hxxxxxxxxxxxxxxxx
2'Hx
32'Hxxxxxxxx
64'Hxxxxxxxxxxxxxxxx
2'Hx
32'Hxxxxxxxx
64'Hxxxxxxxxxxxxxxxx
2'Hx
1'H0
remove Function_457__457_
remove Function_458__458_
remove Function_459__459_
remove Function_460__460_
remove Function_461__461_
Cond_1
Cond_2
Cond_3
Cond_4
Cond_5
Cond_7
Cond_8
Cond_9
Cond_10
Cond_11
Cond_12
Cond_13
Cond_14
Cond_15
Cond_16
Cond_17
Cond_18
Cond_19
Cond_20
Cond_21
Cond_22
Cond_23
Cond_24
Cond_25
Cond_26
Cond_27
Cond_28
Cond_30
Cond_32
Cond_33
Cond_34
Cond_39
Cond_40
Cond_41
Cond_42
Cond_43
Cond_44
Cond_45
Cond_46
Cond_47
Cond_48
Cond_49
Cond_50
Cond_51
Cond_52
Cond_53
Cond_54
Cond_55
Cond_56
Cond_57
Cond_58
Cond_59
Cond_60
Cond_61
Cond_62
Cond_63
Cond_64
Cond_65
Cond_66
Cond_67
Cond_68
Cond_69
Cond_70
Cond_71
Cond_72
Cond_73
Cond_74
Cond_75
Cond_77
Cond_78
Cond_80
Cond_81
Cond_83
Cond_84
Cond_86
Cond_87
Cond_88
Cond_89
Cond_90
Cond_91
Cond_92
Cond_93
Cond_94
Cond_95
Cond_96
Cond_98
Cond_99
Cond_101
Cond_102
Cond_104
Cond_105
Cond_106
Cond_107
Cond_108
Cond_109
Cond_110
Cond_111
Cond_113
Cond_114
Cond_115
Cond_116
Cond_119
Cond_120
Cond_121
Cond_122
Cond_123
Cond_124
Cond_125
Cond_126
Cond_127
Cond_128
Cond_130
Cond_131
Cond_133
Cond_135
Cond_137
Cond_138
Cond_140
Cond_141
Cond_143
Cond_146
Cond_148
Cond_149
Cond_150
Cond_151
Cond_152
Cond_153
Cond_154
Cond_155
Cond_156
Cond_157
Cond_158
Cond_159
Cond_160
Cond_161
Cond_162
Cond_163
Cond_164
Cond_165
Cond_166
Cond_167
Cond_168
Cond_169
Cond_170
Cond_172
Cond_174
Cond_176
Cond_178
Cond_180
Cond_182
Cond_185
Cond_188
Cond_189
Cond_192
Cond_195
Cond_198
Cond_199
Cond_201
Cond_203
Cond_205
Cond_207
Cond_208
Cond_210
Cond_211
Cond_212
Cond_213
Cond_214
Cond_215
Cond_216
Cond_217
Cond_218
Cond_219
Cond_220
Cond_221
Cond_222
Cond_223
Cond_224
Cond_227
Cond_228
Cond_229
Cond_230
Cond_231
Cond_232
Cond_233
Cond_240
Cond_241
Cond_242
Cond_243
Cond_246
Cond_247
Cond_248
Cond_251
Cond_254
Cond_256
Cond_258
Cond_266
Cond_267
Cond_272
Cond_279
Cond_280
Cond_281
Cond_282
Cond_283
Cond_284
Cond_286
Cond_287
Cond_288
Cond_289
Cond_290
----- Writting Graph Visialization File -----
Finish!

