32'D1
32'D1
1'H0
1'H0
1'H0
1'H0
1'H1
1'H1
1'H1
1'H1
8'H0
4'H0
16'Hffff
16'H0
16'Hxxxx
16'Hxxxx
16'Hxxxx
4'Hx
4'Hx
16'H0
16'Hxxxx
4'Hx
4'H0
8'H0
1'H0
3'B??1
3'B?1?
3'B1??
1'H0
1'H1
4'H8
4'H4
4'H2
1'H0
2'B?1
2'B1?
4'H4
4'H2
16'H0
16'H0
16'H0
4'H8
4'H4
4'Hx
4'H4
4'H4
4'H2
4'Hx
4'H2
4'H2
4'H1
4'Hx
4'H1
3'B??1
3'B?1?
3'B1??
4'H1
4'H4
4'H2
4'H1
4'H1
Cond_1
Cond_2
Cond_3
Cond_4
Cond_5
Cond_6
Cond_7
Cond_8
Cond_9
Cond_10
Cond_11
Cond_12
Cond_13
Cond_14
Cond_15
Cond_273
remove Function_1241__1241_
remove Function_1246__1246_
Cond_289
Cond_291
remove Function_1263__1263_
----- Writting Graph Visialization File -----
Finish!

